2025-11-05 08:18:01.179 INFO: MACE version: 0.3.6
2025-11-05 08:18:01.180 INFO: Configuration: Namespace(config=None, name='MACE_model', seed=111, log_dir='logs', model_dir='.', checkpoints_dir='checkpoints', results_dir='retrain_results', downloads_dir='downloads', device='cuda', default_dtype='float64', distributed=False, log_level='INFO', error_table='PerAtomRMSE', model='MACE', r_max=5.0, radial_type='bessel', num_radial_basis=8, num_cutoff_basis=5, pair_repulsion=False, distance_transform='None', interaction='RealAgnosticResidualInteractionBlock', interaction_first='RealAgnosticResidualInteractionBlock', max_ell=3, correlation=3, num_interactions=2, MLP_irreps='16x0e', radial_MLP='[64, 64, 64]', hidden_irreps='128x0e+128x1o+128x2e', num_channels=None, max_L=None, gate='silu', scaling='rms_forces_scaling', avg_num_neighbors=1, compute_avg_num_neighbors=True, compute_stress=False, compute_forces=True, train_file='/scratch/phys/sin/Nian_Wu/active_both_au_nacl_latest_version/active_MLIP_nacl_au/step4_iter1/dataset/train_iter0_both_DFT_80.xyz', valid_file='/scratch/phys/sin/Nian_Wu/active_both_au_nacl_latest_version/active_MLIP_nacl_au/step4_iter1/dataset/val_iter0_both_DFT_10.xyz', valid_fraction=0.1, test_file='/scratch/phys/sin/Nian_Wu/active_both_au_nacl_latest_version/active_MLIP_nacl_au/step4_iter1/dataset/test_iter0_both_DFT_10.xyz', test_dir=None, multi_processed_test=False, num_workers=0, pin_memory=True, atomic_numbers='[1, 6, 7, 8, 11, 17, 30, 35, 79]', mean=None, std=None, statistics_file=None, E0s='{1:-13.598030178, 6:-1029.087494198, 7:-1485.307647843, 8:-2043.220684883, 11:-4422.011244216, 17:-12577.599814567, 30:-49117.029297278, 35:-71401.358069985, 79:-535649.538385919}', keep_isolated_atoms=False, energy_key='energy', forces_key='forces', virials_key='virials', stress_key='stress', dipole_key='dipole', charges_key='charges', loss='weighted', forces_weight=100.0, swa_forces_weight=100.0, energy_weight=1.0, swa_energy_weight=1000.0, virials_weight=1.0, swa_virials_weight=10.0, stress_weight=1.0, swa_stress_weight=10.0, dipole_weight=1.0, swa_dipole_weight=1.0, config_type_weights='{"Default":1.0}', huber_delta=0.01, optimizer='adam', beta=0.9, batch_size=8, valid_batch_size=4, lr=0.01, swa_lr=0.0001, weight_decay=5e-07, amsgrad=True, scheduler='ReduceLROnPlateau', lr_factor=0.8, scheduler_patience=50, lr_scheduler_gamma=0.9993, swa=True, start_swa=2, ema=True, ema_decay=0.99, max_num_epochs=1000, patience=2048, foundation_model='/scratch/phys/sin/Nian_Wu/active_both_au_nacl_latest_version/active_MLIP_nacl_au/foundation_model/2023-12-03-mace-128-L1_epoch-199.model', foundation_model_readout=True, eval_interval=2, keep_checkpoints=False, save_all_checkpoints=False, restart_latest=True, save_cpu=False, clip_grad=10.0, wandb=False, wandb_dir=None, wandb_project='', wandb_entity='', wandb_name='', wandb_log_hypers=['num_channels', 'max_L', 'correlation', 'lr', 'swa_lr', 'weight_decay', 'batch_size', 'max_num_epochs', 'start_swa', 'energy_weight', 'forces_weight'])
2025-11-05 08:18:02.061 INFO: CUDA version: 12.1, CUDA device: 0
2025-11-05 08:18:02.130 INFO: Error accessing Git repository: /scratch/phys/sin/Nian_Wu/active_both_au_nacl_latest_version/active_MLIP_nacl_au/step4_iter1/refine_foundation/add_select_plus_distort
2025-11-05 08:18:03.426 INFO: Using foundation model /scratch/phys/sin/Nian_Wu/active_both_au_nacl_latest_version/active_MLIP_nacl_au/foundation_model/2023-12-03-mace-128-L1_epoch-199.model as initial checkpoint.
2025-11-05 08:18:03.658 INFO: Since ASE version 3.23.0b1, using energy_key 'energy' is no longer safe when communicating between MACE and ASE. We recommend using a different key, rewriting energies to 'REF_energy'. You need to use --energy_key='REF_energy', to tell the key name chosen.
2025-11-05 08:18:03.666 INFO: Since ASE version 3.23.0b1, using forces_key 'forces' is no longer safe when communicating between MACE and ASE. We recommend using a different key, rewriting energies to 'REF_forces'. You need to use --forces_key='REF_forces', to tell the key name chosen.
2025-11-05 08:18:03.673 INFO: Since ASE version 3.23.0b1, using stress_key 'stress' is no longer safe when communicating between MACE and ASE. We recommend using a different key, rewriting energies to 'REF_stress'. You need to use --stress_key='REF_stress', to tell the key name chosen.
2025-11-05 08:18:03.681 INFO: Loaded 80 training configurations from '/scratch/phys/sin/Nian_Wu/active_both_au_nacl_latest_version/active_MLIP_nacl_au/step4_iter1/dataset/train_iter0_both_DFT_80.xyz'
2025-11-05 08:18:03.703 INFO: Since ASE version 3.23.0b1, using energy_key 'energy' is no longer safe when communicating between MACE and ASE. We recommend using a different key, rewriting energies to 'REF_energy'. You need to use --energy_key='REF_energy', to tell the key name chosen.
2025-11-05 08:18:03.704 INFO: Since ASE version 3.23.0b1, using forces_key 'forces' is no longer safe when communicating between MACE and ASE. We recommend using a different key, rewriting energies to 'REF_forces'. You need to use --forces_key='REF_forces', to tell the key name chosen.
2025-11-05 08:18:03.705 INFO: Since ASE version 3.23.0b1, using stress_key 'stress' is no longer safe when communicating between MACE and ASE. We recommend using a different key, rewriting energies to 'REF_stress'. You need to use --stress_key='REF_stress', to tell the key name chosen.
2025-11-05 08:18:03.706 INFO: Loaded 10 validation configurations from '/scratch/phys/sin/Nian_Wu/active_both_au_nacl_latest_version/active_MLIP_nacl_au/step4_iter1/dataset/val_iter0_both_DFT_10.xyz'
2025-11-05 08:18:03.728 INFO: Since ASE version 3.23.0b1, using energy_key 'energy' is no longer safe when communicating between MACE and ASE. We recommend using a different key, rewriting energies to 'REF_energy'. You need to use --energy_key='REF_energy', to tell the key name chosen.
2025-11-05 08:18:03.729 INFO: Since ASE version 3.23.0b1, using forces_key 'forces' is no longer safe when communicating between MACE and ASE. We recommend using a different key, rewriting energies to 'REF_forces'. You need to use --forces_key='REF_forces', to tell the key name chosen.
2025-11-05 08:18:03.730 INFO: Since ASE version 3.23.0b1, using stress_key 'stress' is no longer safe when communicating between MACE and ASE. We recommend using a different key, rewriting energies to 'REF_stress'. You need to use --stress_key='REF_stress', to tell the key name chosen.
2025-11-05 08:18:03.731 INFO: Loaded 10 test configurations from '/scratch/phys/sin/Nian_Wu/active_both_au_nacl_latest_version/active_MLIP_nacl_au/step4_iter1/dataset/test_iter0_both_DFT_10.xyz'
2025-11-05 08:18:03.731 INFO: Total number of configurations: train=80, valid=10, tests=[Default: 10]
2025-11-05 08:18:03.731 INFO: Using atomic numbers from command line argument
2025-11-05 08:18:03.731 INFO: AtomicNumberTable: (1, 6, 7, 8, 11, 17, 30, 35, 79)
2025-11-05 08:18:03.731 INFO: Atomic Energies not in training file, using command line argument E0s
2025-11-05 08:18:03.731 INFO: Atomic energies: [-13.598030178, -1029.087494198, -1485.307647843, -2043.220684883, -4422.011244216, -12577.599814567, -49117.029297278, -71401.358069985, -535649.538385919]
2025-11-05 08:18:04.864 INFO: WeightedEnergyForcesLoss(energy_weight=1.000, forces_weight=100.000)
2025-11-05 08:18:05.203 INFO: Average number of neighbors: 32.6817264573991
2025-11-05 08:18:05.204 INFO: Selected the following outputs: {'energy': True, 'forces': True, 'virials': False, 'stress': False, 'dipoles': False}
2025-11-05 08:18:05.920 INFO: Building model
2025-11-05 08:18:08.562 INFO: Using stochastic weight averaging (after 2 epochs) with energy weight : 1000.0, forces weight : 100.0 and learning rate : 0.0001
2025-11-05 08:18:08.680 WARNING: Cannot find checkpoint with tag 'MACE_model_run-111' in 'checkpoints'
2025-11-05 08:18:08.685 INFO: ScaleShiftMACE(
  (node_embedding): LinearNodeEmbeddingBlock(
    (linear): Linear(9x0e -> 128x0e | 1152 weights)
  )
  (radial_embedding): RadialEmbeddingBlock(
    (bessel_fn): BesselBasis(r_max=6.0, num_basis=10, trainable=True)
    (cutoff_fn): PolynomialCutoff(p=5.0, r_max=6.0)
  )
  (spherical_harmonics): SphericalHarmonics()
  (atomic_energies_fn): AtomicEnergiesBlock(energies=[-13.5980, -1029.0875, -1485.3076, -2043.2207, -4422.0112, -12577.5998, -49117.0293, -71401.3581, -535649.5384])
  (interactions): ModuleList(
    (0): RealAgnosticResidualInteractionBlock(
      (linear_up): Linear(128x0e -> 128x0e | 16384 weights)
      (conv_tp): TensorProduct(128x0e x 1x0e+1x1o+1x2e+1x3o -> 128x0e+128x1o+128x2e+128x3o | 512 paths | 512 weights)
      (conv_tp_weights): FullyConnectedNet[10, 64, 64, 64, 512]
      (linear): Linear(128x0e+128x1o+128x2e+128x3o -> 128x0e+128x1o+128x2e+128x3o | 65536 weights)
      (skip_tp): FullyConnectedTensorProduct(128x0e x 9x0e -> 128x0e+128x1o | 147456 paths | 147456 weights)
      (reshape): reshape_irreps()
    )
    (1): RealAgnosticResidualInteractionBlock(
      (linear_up): Linear(128x0e+128x1o -> 128x0e+128x1o | 32768 weights)
      (conv_tp): TensorProduct(128x0e+128x1o x 1x0e+1x1o+1x2e+1x3o -> 256x0e+384x1o+384x2e+256x3o | 1280 paths | 1280 weights)
      (conv_tp_weights): FullyConnectedNet[10, 64, 64, 64, 1280]
      (linear): Linear(256x0e+384x1o+384x2e+256x3o -> 128x0e+128x1o+128x2e+128x3o | 163840 weights)
      (skip_tp): FullyConnectedTensorProduct(128x0e+128x1o x 9x0e -> 128x0e | 147456 paths | 147456 weights)
      (reshape): reshape_irreps()
    )
  )
  (products): ModuleList(
    (0): EquivariantProductBasisBlock(
      (symmetric_contractions): SymmetricContraction(
        (contractions): ModuleList(
          (0): Contraction(
            (contractions_weighting): ModuleList(
              (0-1): 2 x GraphModule()
            )
            (contractions_features): ModuleList(
              (0-1): 2 x GraphModule()
            )
            (weights): ParameterList(
                (0): Parameter containing: [torch.float64 of size 9x4x128 (cuda:0)]
                (1): Parameter containing: [torch.float64 of size 9x1x128 (cuda:0)]
            )
            (graph_opt_main): GraphModule()
          )
          (1): Contraction(
            (contractions_weighting): ModuleList(
              (0-1): 2 x GraphModule()
            )
            (contractions_features): ModuleList(
              (0-1): 2 x GraphModule()
            )
            (weights): ParameterList(
                (0): Parameter containing: [torch.float64 of size 9x6x128 (cuda:0)]
                (1): Parameter containing: [torch.float64 of size 9x1x128 (cuda:0)]
            )
            (graph_opt_main): GraphModule()
          )
        )
      )
      (linear): Linear(128x0e+128x1o -> 128x0e+128x1o | 32768 weights)
    )
    (1): EquivariantProductBasisBlock(
      (symmetric_contractions): SymmetricContraction(
        (contractions): ModuleList(
          (0): Contraction(
            (contractions_weighting): ModuleList(
              (0-1): 2 x GraphModule()
            )
            (contractions_features): ModuleList(
              (0-1): 2 x GraphModule()
            )
            (weights): ParameterList(
                (0): Parameter containing: [torch.float64 of size 9x4x128 (cuda:0)]
                (1): Parameter containing: [torch.float64 of size 9x1x128 (cuda:0)]
            )
            (graph_opt_main): GraphModule()
          )
        )
      )
      (linear): Linear(128x0e -> 128x0e | 16384 weights)
    )
  )
  (readouts): ModuleList(
    (0): LinearReadoutBlock(
      (linear): Linear(128x0e+128x1o -> 1x0e | 128 weights)
    )
    (1): NonLinearReadoutBlock(
      (linear_1): Linear(128x0e -> 16x0e | 2048 weights)
      (non_linearity): Activation [x] (16x0e -> 16x0e)
      (linear_2): Linear(16x0e -> 1x0e | 16 weights)
    )
  )
  (scale_shift): ScaleShiftBlock(scale=0.804154, shift=0.164097)
)
2025-11-05 08:18:08.690 INFO: Number of parameters: 889626
2025-11-05 08:18:08.690 INFO: Optimizer: Adam (
Parameter Group 0
    amsgrad: True
    betas: (0.9, 0.999)
    capturable: False
    differentiable: False
    eps: 1e-08
    foreach: None
    fused: None
    initial_lr: 0.01
    lr: 0.01
    maximize: False
    name: embedding
    swa_lr: 0.0001
    weight_decay: 0.0

Parameter Group 1
    amsgrad: True
    betas: (0.9, 0.999)
    capturable: False
    differentiable: False
    eps: 1e-08
    foreach: None
    fused: None
    initial_lr: 0.01
    lr: 0.01
    maximize: False
    name: interactions_decay
    swa_lr: 0.0001
    weight_decay: 5e-07

Parameter Group 2
    amsgrad: True
    betas: (0.9, 0.999)
    capturable: False
    differentiable: False
    eps: 1e-08
    foreach: None
    fused: None
    initial_lr: 0.01
    lr: 0.01
    maximize: False
    name: interactions_no_decay
    swa_lr: 0.0001
    weight_decay: 0.0

Parameter Group 3
    amsgrad: True
    betas: (0.9, 0.999)
    capturable: False
    differentiable: False
    eps: 1e-08
    foreach: None
    fused: None
    initial_lr: 0.01
    lr: 0.01
    maximize: False
    name: products
    swa_lr: 0.0001
    weight_decay: 5e-07

Parameter Group 4
    amsgrad: True
    betas: (0.9, 0.999)
    capturable: False
    differentiable: False
    eps: 1e-08
    foreach: None
    fused: None
    initial_lr: 0.01
    lr: 0.01
    maximize: False
    name: readouts
    swa_lr: 0.0001
    weight_decay: 0.0
)
2025-11-05 08:18:08.690 INFO: Using gradient clipping with tolerance=10.000
2025-11-05 08:18:08.690 INFO: Started training
2025-11-05 08:18:20.614 INFO: Epoch None: loss=188.0607, RMSE_E_per_atom=3072.4 meV, RMSE_F=2718.5 meV / A
2025-11-05 08:18:38.006 INFO: Epoch 0: loss=31.8439, RMSE_E_per_atom=2325.1 meV, RMSE_F=1080.6 meV / A
2025-11-05 08:18:44.669 INFO: Changing loss based on SWA
2025-11-05 08:18:52.515 INFO: Epoch 2: loss=1477.1480, RMSE_E_per_atom=2182.6 meV, RMSE_F=1383.2 meV / A
2025-11-05 08:19:06.041 INFO: Epoch 4: loss=1323.4038, RMSE_E_per_atom=2068.4 meV, RMSE_F=1256.6 meV / A
2025-11-05 08:19:19.571 INFO: Epoch 6: loss=1168.0617, RMSE_E_per_atom=1947.6 meV, RMSE_F=1085.9 meV / A
2025-11-05 08:19:33.111 INFO: Epoch 8: loss=1008.9951, RMSE_E_per_atom=1813.9 meV, RMSE_F=917.5 meV / A
2025-11-05 08:19:46.656 INFO: Epoch 10: loss=848.0598, RMSE_E_per_atom=1664.8 meV, RMSE_F=786.0 meV / A
2025-11-05 08:20:00.165 INFO: Epoch 12: loss=677.8226, RMSE_E_per_atom=1486.4 meV, RMSE_F=743.7 meV / A
2025-11-05 08:20:13.686 INFO: Epoch 14: loss=511.1188, RMSE_E_per_atom=1287.1 meV, RMSE_F=717.3 meV / A
2025-11-05 08:20:27.208 INFO: Epoch 16: loss=360.6427, RMSE_E_per_atom=1075.7 meV, RMSE_F=698.1 meV / A
2025-11-05 08:20:40.729 INFO: Epoch 18: loss=231.5508, RMSE_E_per_atom=853.2 meV, RMSE_F=688.1 meV / A
2025-11-05 08:20:54.245 INFO: Epoch 20: loss=128.8001, RMSE_E_per_atom=620.7 meV, RMSE_F=688.3 meV / A
2025-11-05 08:21:07.806 INFO: Epoch 22: loss=57.7403, RMSE_E_per_atom=383.7 meV, RMSE_F=697.6 meV / A
2025-11-05 08:21:21.335 INFO: Epoch 24: loss=23.8466, RMSE_E_per_atom=183.8 meV, RMSE_F=702.1 meV / A
2025-11-05 08:21:34.846 INFO: Epoch 26: loss=15.8794, RMSE_E_per_atom=98.5 meV, RMSE_F=685.2 meV / A
2025-11-05 08:21:48.357 INFO: Epoch 28: loss=12.9174, RMSE_E_per_atom=57.7 meV, RMSE_F=659.8 meV / A
2025-11-05 08:22:01.869 INFO: Epoch 30: loss=11.3121, RMSE_E_per_atom=34.0 meV, RMSE_F=635.9 meV / A
2025-11-05 08:22:15.406 INFO: Epoch 32: loss=10.2417, RMSE_E_per_atom=21.9 meV, RMSE_F=612.8 meV / A
2025-11-05 08:22:28.952 INFO: Epoch 34: loss=9.4688, RMSE_E_per_atom=15.7 meV, RMSE_F=593.0 meV / A
2025-11-05 08:22:42.489 INFO: Epoch 36: loss=8.8815, RMSE_E_per_atom=12.6 meV, RMSE_F=576.4 meV / A
2025-11-05 08:22:56.020 INFO: Epoch 38: loss=8.5352, RMSE_E_per_atom=11.3 meV, RMSE_F=566.5 meV / A
2025-11-05 08:23:09.554 INFO: Epoch 40: loss=8.2666, RMSE_E_per_atom=10.8 meV, RMSE_F=558.5 meV / A
2025-11-05 08:23:23.094 INFO: Epoch 42: loss=7.9637, RMSE_E_per_atom=10.4 meV, RMSE_F=548.7 meV / A
2025-11-05 08:23:36.626 INFO: Epoch 44: loss=7.6539, RMSE_E_per_atom=10.1 meV, RMSE_F=538.3 meV / A
2025-11-05 08:23:50.159 INFO: Epoch 46: loss=7.4534, RMSE_E_per_atom=10.1 meV, RMSE_F=531.5 meV / A
2025-11-05 08:24:03.708 INFO: Epoch 48: loss=7.3322, RMSE_E_per_atom=10.1 meV, RMSE_F=527.5 meV / A
2025-11-05 08:24:17.243 INFO: Epoch 50: loss=7.2557, RMSE_E_per_atom=10.0 meV, RMSE_F=525.1 meV / A
2025-11-05 08:24:30.790 INFO: Epoch 52: loss=7.1269, RMSE_E_per_atom=10.0 meV, RMSE_F=520.7 meV / A
2025-11-05 08:24:44.323 INFO: Epoch 54: loss=7.0143, RMSE_E_per_atom=10.0 meV, RMSE_F=516.7 meV / A
2025-11-05 08:24:57.858 INFO: Epoch 56: loss=6.8620, RMSE_E_per_atom=10.0 meV, RMSE_F=511.2 meV / A
2025-11-05 08:25:11.389 INFO: Epoch 58: loss=6.7090, RMSE_E_per_atom=10.1 meV, RMSE_F=505.6 meV / A
2025-11-05 08:25:24.938 INFO: Epoch 60: loss=6.5534, RMSE_E_per_atom=9.9 meV, RMSE_F=499.8 meV / A
2025-11-05 08:25:38.485 INFO: Epoch 62: loss=6.4505, RMSE_E_per_atom=10.0 meV, RMSE_F=496.0 meV / A
2025-11-05 08:25:52.032 INFO: Epoch 64: loss=6.3802, RMSE_E_per_atom=10.0 meV, RMSE_F=493.5 meV / A
2025-11-05 08:26:05.581 INFO: Epoch 66: loss=6.3281, RMSE_E_per_atom=10.0 meV, RMSE_F=491.6 meV / A
2025-11-05 08:26:19.107 INFO: Epoch 68: loss=6.2249, RMSE_E_per_atom=10.1 meV, RMSE_F=487.6 meV / A
2025-11-05 08:26:32.642 INFO: Epoch 70: loss=6.0799, RMSE_E_per_atom=10.3 meV, RMSE_F=481.8 meV / A
2025-11-05 08:26:46.222 INFO: Epoch 72: loss=5.9483, RMSE_E_per_atom=10.5 meV, RMSE_F=476.5 meV / A
2025-11-05 08:26:59.750 INFO: Epoch 74: loss=5.8150, RMSE_E_per_atom=10.2 meV, RMSE_F=471.2 meV / A
2025-11-05 08:27:13.277 INFO: Epoch 76: loss=5.6878, RMSE_E_per_atom=10.1 meV, RMSE_F=466.1 meV / A
2025-11-05 08:27:26.808 INFO: Epoch 78: loss=5.5515, RMSE_E_per_atom=10.1 meV, RMSE_F=460.4 meV / A
2025-11-05 08:27:40.286 INFO: Epoch 80: loss=5.4491, RMSE_E_per_atom=10.1 meV, RMSE_F=456.2 meV / A
2025-11-05 08:27:53.747 INFO: Epoch 82: loss=5.3353, RMSE_E_per_atom=10.1 meV, RMSE_F=451.3 meV / A
2025-11-05 08:28:07.224 INFO: Epoch 84: loss=5.2263, RMSE_E_per_atom=10.0 meV, RMSE_F=446.7 meV / A
2025-11-05 08:28:20.794 INFO: Epoch 86: loss=5.1093, RMSE_E_per_atom=9.9 meV, RMSE_F=441.6 meV / A
2025-11-05 08:28:34.324 INFO: Epoch 88: loss=5.0105, RMSE_E_per_atom=9.8 meV, RMSE_F=437.3 meV / A
2025-11-05 08:28:47.884 INFO: Epoch 90: loss=4.9477, RMSE_E_per_atom=9.8 meV, RMSE_F=434.6 meV / A
2025-11-05 08:29:01.424 INFO: Epoch 92: loss=4.8813, RMSE_E_per_atom=9.9 meV, RMSE_F=431.6 meV / A
2025-11-05 08:29:14.962 INFO: Epoch 94: loss=4.8155, RMSE_E_per_atom=9.7 meV, RMSE_F=428.7 meV / A
2025-11-05 08:29:28.495 INFO: Epoch 96: loss=4.7411, RMSE_E_per_atom=9.6 meV, RMSE_F=425.4 meV / A
2025-11-05 08:29:42.050 INFO: Epoch 98: loss=4.6761, RMSE_E_per_atom=9.7 meV, RMSE_F=422.4 meV / A
2025-11-05 08:29:55.578 INFO: Epoch 100: loss=4.6412, RMSE_E_per_atom=9.7 meV, RMSE_F=420.9 meV / A
2025-11-05 08:30:09.114 INFO: Epoch 102: loss=4.6140, RMSE_E_per_atom=9.7 meV, RMSE_F=419.7 meV / A
2025-11-05 08:30:22.647 INFO: Epoch 104: loss=4.5696, RMSE_E_per_atom=9.6 meV, RMSE_F=417.6 meV / A
2025-11-05 08:30:36.184 INFO: Epoch 106: loss=4.5061, RMSE_E_per_atom=9.6 meV, RMSE_F=414.7 meV / A
2025-11-05 08:30:49.723 INFO: Epoch 108: loss=4.4403, RMSE_E_per_atom=9.7 meV, RMSE_F=411.6 meV / A
2025-11-05 08:31:03.251 INFO: Epoch 110: loss=4.3681, RMSE_E_per_atom=9.5 meV, RMSE_F=408.2 meV / A
2025-11-05 08:31:16.787 INFO: Epoch 112: loss=4.3048, RMSE_E_per_atom=9.5 meV, RMSE_F=405.2 meV / A
2025-11-05 08:31:30.324 INFO: Epoch 114: loss=4.2345, RMSE_E_per_atom=9.3 meV, RMSE_F=401.9 meV / A
2025-11-05 08:31:43.858 INFO: Epoch 116: loss=4.1684, RMSE_E_per_atom=9.2 meV, RMSE_F=398.7 meV / A
2025-11-05 08:31:57.397 INFO: Epoch 118: loss=4.1122, RMSE_E_per_atom=9.1 meV, RMSE_F=396.0 meV / A
2025-11-05 08:32:10.921 INFO: Epoch 120: loss=4.0749, RMSE_E_per_atom=9.2 meV, RMSE_F=394.2 meV / A
2025-11-05 08:32:24.507 INFO: Epoch 122: loss=4.0406, RMSE_E_per_atom=9.2 meV, RMSE_F=392.5 meV / A
2025-11-05 08:32:38.049 INFO: Epoch 124: loss=4.0137, RMSE_E_per_atom=9.3 meV, RMSE_F=391.2 meV / A
2025-11-05 08:32:51.583 INFO: Epoch 126: loss=3.9970, RMSE_E_per_atom=9.3 meV, RMSE_F=390.5 meV / A
2025-11-05 08:33:05.123 INFO: Epoch 128: loss=3.9717, RMSE_E_per_atom=9.1 meV, RMSE_F=389.3 meV / A
2025-11-05 08:33:18.666 INFO: Epoch 130: loss=3.9510, RMSE_E_per_atom=9.1 meV, RMSE_F=388.4 meV / A
2025-11-05 08:33:32.222 INFO: Epoch 132: loss=3.9290, RMSE_E_per_atom=8.9 meV, RMSE_F=387.4 meV / A
2025-11-05 08:33:45.744 INFO: Epoch 134: loss=3.9315, RMSE_E_per_atom=8.9 meV, RMSE_F=387.6 meV / A
2025-11-05 08:33:59.161 INFO: Epoch 136: loss=3.9054, RMSE_E_per_atom=8.8 meV, RMSE_F=386.4 meV / A
2025-11-05 08:34:12.693 INFO: Epoch 138: loss=3.8780, RMSE_E_per_atom=8.9 meV, RMSE_F=385.1 meV / A
2025-11-05 08:34:26.240 INFO: Epoch 140: loss=3.8625, RMSE_E_per_atom=8.7 meV, RMSE_F=384.4 meV / A
2025-11-05 08:34:39.770 INFO: Epoch 142: loss=3.8647, RMSE_E_per_atom=8.6 meV, RMSE_F=384.6 meV / A
2025-11-05 08:34:53.763 INFO: Epoch 144: loss=3.8545, RMSE_E_per_atom=8.6 meV, RMSE_F=384.2 meV / A
2025-11-05 08:35:07.298 INFO: Epoch 146: loss=3.8349, RMSE_E_per_atom=8.6 meV, RMSE_F=383.2 meV / A
2025-11-05 08:35:20.852 INFO: Epoch 148: loss=3.8333, RMSE_E_per_atom=8.6 meV, RMSE_F=383.2 meV / A
2025-11-05 08:35:34.379 INFO: Epoch 150: loss=3.8334, RMSE_E_per_atom=8.6 meV, RMSE_F=383.3 meV / A
2025-11-05 08:35:47.793 INFO: Epoch 152: loss=3.8348, RMSE_E_per_atom=8.6 meV, RMSE_F=383.5 meV / A
2025-11-05 08:36:01.218 INFO: Epoch 154: loss=3.8218, RMSE_E_per_atom=8.5 meV, RMSE_F=382.9 meV / A
2025-11-05 08:36:14.752 INFO: Epoch 156: loss=3.8252, RMSE_E_per_atom=8.6 meV, RMSE_F=383.1 meV / A
2025-11-05 08:36:28.181 INFO: Epoch 158: loss=3.8226, RMSE_E_per_atom=8.6 meV, RMSE_F=383.1 meV / A
2025-11-05 08:36:41.600 INFO: Epoch 160: loss=3.8253, RMSE_E_per_atom=8.6 meV, RMSE_F=383.3 meV / A
2025-11-05 08:36:55.041 INFO: Epoch 162: loss=3.8271, RMSE_E_per_atom=8.6 meV, RMSE_F=383.5 meV / A
2025-11-05 08:37:08.462 INFO: Epoch 164: loss=3.8378, RMSE_E_per_atom=8.5 meV, RMSE_F=384.1 meV / A
2025-11-05 08:37:21.895 INFO: Epoch 166: loss=3.8225, RMSE_E_per_atom=8.5 meV, RMSE_F=383.4 meV / A
2025-11-05 08:37:35.292 INFO: Epoch 168: loss=3.8137, RMSE_E_per_atom=8.4 meV, RMSE_F=383.0 meV / A
2025-11-05 08:37:48.761 INFO: Epoch 170: loss=3.8259, RMSE_E_per_atom=8.4 meV, RMSE_F=383.7 meV / A
2025-11-05 08:38:02.126 INFO: Epoch 172: loss=3.8242, RMSE_E_per_atom=8.4 meV, RMSE_F=383.7 meV / A
2025-11-05 08:38:15.554 INFO: Epoch 174: loss=3.8471, RMSE_E_per_atom=8.4 meV, RMSE_F=385.0 meV / A
2025-11-05 08:38:28.991 INFO: Epoch 176: loss=3.8532, RMSE_E_per_atom=8.4 meV, RMSE_F=385.3 meV / A
2025-11-05 08:38:42.417 INFO: Epoch 178: loss=3.8586, RMSE_E_per_atom=8.4 meV, RMSE_F=385.7 meV / A
2025-11-05 08:38:55.837 INFO: Epoch 180: loss=3.8467, RMSE_E_per_atom=8.3 meV, RMSE_F=385.2 meV / A
2025-11-05 08:39:09.268 INFO: Epoch 182: loss=3.8564, RMSE_E_per_atom=8.3 meV, RMSE_F=385.7 meV / A
2025-11-05 08:39:22.695 INFO: Epoch 184: loss=3.8559, RMSE_E_per_atom=8.3 meV, RMSE_F=385.8 meV / A
2025-11-05 08:39:36.114 INFO: Epoch 186: loss=3.8493, RMSE_E_per_atom=8.2 meV, RMSE_F=385.5 meV / A
2025-11-05 08:39:49.538 INFO: Epoch 188: loss=3.8516, RMSE_E_per_atom=8.3 meV, RMSE_F=385.6 meV / A
2025-11-05 08:40:02.958 INFO: Epoch 190: loss=3.8556, RMSE_E_per_atom=8.2 meV, RMSE_F=385.9 meV / A
2025-11-05 08:40:16.382 INFO: Epoch 192: loss=3.8547, RMSE_E_per_atom=8.1 meV, RMSE_F=385.9 meV / A
2025-11-05 08:40:29.807 INFO: Epoch 194: loss=3.8523, RMSE_E_per_atom=8.2 meV, RMSE_F=385.8 meV / A
2025-11-05 08:40:43.232 INFO: Epoch 196: loss=3.8474, RMSE_E_per_atom=8.1 meV, RMSE_F=385.6 meV / A
2025-11-05 08:40:56.650 INFO: Epoch 198: loss=3.8569, RMSE_E_per_atom=8.1 meV, RMSE_F=386.2 meV / A
2025-11-05 08:41:10.077 INFO: Epoch 200: loss=3.8817, RMSE_E_per_atom=8.0 meV, RMSE_F=387.5 meV / A
2025-11-05 08:41:23.499 INFO: Epoch 202: loss=3.8792, RMSE_E_per_atom=8.0 meV, RMSE_F=387.4 meV / A
2025-11-05 08:41:36.921 INFO: Epoch 204: loss=3.8742, RMSE_E_per_atom=8.0 meV, RMSE_F=387.2 meV / A
2025-11-05 08:41:50.333 INFO: Epoch 206: loss=3.8647, RMSE_E_per_atom=7.8 meV, RMSE_F=386.8 meV / A
2025-11-05 08:42:03.760 INFO: Epoch 208: loss=3.8618, RMSE_E_per_atom=7.9 meV, RMSE_F=386.7 meV / A
2025-11-05 08:42:17.186 INFO: Epoch 210: loss=3.8575, RMSE_E_per_atom=7.8 meV, RMSE_F=386.5 meV / A
2025-11-05 08:42:30.608 INFO: Epoch 212: loss=3.8585, RMSE_E_per_atom=7.8 meV, RMSE_F=386.6 meV / A
2025-11-05 08:42:44.034 INFO: Epoch 214: loss=3.8535, RMSE_E_per_atom=7.8 meV, RMSE_F=386.4 meV / A
2025-11-05 08:42:57.455 INFO: Epoch 216: loss=3.8530, RMSE_E_per_atom=7.7 meV, RMSE_F=386.5 meV / A
2025-11-05 08:43:10.883 INFO: Epoch 218: loss=3.8546, RMSE_E_per_atom=7.9 meV, RMSE_F=386.6 meV / A
2025-11-05 08:43:24.309 INFO: Epoch 220: loss=3.8523, RMSE_E_per_atom=7.8 meV, RMSE_F=386.5 meV / A
2025-11-05 08:43:37.729 INFO: Epoch 222: loss=3.8515, RMSE_E_per_atom=7.8 meV, RMSE_F=386.5 meV / A
2025-11-05 08:43:51.152 INFO: Epoch 224: loss=3.8448, RMSE_E_per_atom=7.7 meV, RMSE_F=386.2 meV / A
2025-11-05 08:44:04.580 INFO: Epoch 226: loss=3.8586, RMSE_E_per_atom=7.7 meV, RMSE_F=387.0 meV / A
2025-11-05 08:44:17.999 INFO: Epoch 228: loss=3.8730, RMSE_E_per_atom=7.6 meV, RMSE_F=387.8 meV / A
2025-11-05 08:44:31.425 INFO: Epoch 230: loss=3.8717, RMSE_E_per_atom=7.6 meV, RMSE_F=387.7 meV / A
2025-11-05 08:44:44.847 INFO: Epoch 232: loss=3.8604, RMSE_E_per_atom=7.6 meV, RMSE_F=387.2 meV / A
2025-11-05 08:44:58.262 INFO: Epoch 234: loss=3.8708, RMSE_E_per_atom=7.5 meV, RMSE_F=387.8 meV / A
2025-11-05 08:45:11.685 INFO: Epoch 236: loss=3.8743, RMSE_E_per_atom=7.6 meV, RMSE_F=388.0 meV / A
2025-11-05 08:45:25.104 INFO: Epoch 238: loss=3.8599, RMSE_E_per_atom=7.5 meV, RMSE_F=387.3 meV / A
2025-11-05 08:45:38.532 INFO: Epoch 240: loss=3.8593, RMSE_E_per_atom=7.4 meV, RMSE_F=387.3 meV / A
2025-11-05 08:45:51.953 INFO: Epoch 242: loss=3.8612, RMSE_E_per_atom=7.6 meV, RMSE_F=387.4 meV / A
2025-11-05 08:46:05.382 INFO: Epoch 244: loss=3.8588, RMSE_E_per_atom=7.5 meV, RMSE_F=387.3 meV / A
2025-11-05 08:46:18.806 INFO: Epoch 246: loss=3.8583, RMSE_E_per_atom=7.4 meV, RMSE_F=387.4 meV / A
2025-11-05 08:46:32.234 INFO: Epoch 248: loss=3.8563, RMSE_E_per_atom=7.4 meV, RMSE_F=387.3 meV / A
2025-11-05 08:46:45.656 INFO: Epoch 250: loss=3.8493, RMSE_E_per_atom=7.3 meV, RMSE_F=387.0 meV / A
2025-11-05 08:46:59.084 INFO: Epoch 252: loss=3.8579, RMSE_E_per_atom=7.4 meV, RMSE_F=387.4 meV / A
2025-11-05 08:47:12.511 INFO: Epoch 254: loss=3.8601, RMSE_E_per_atom=7.2 meV, RMSE_F=387.6 meV / A
2025-11-05 08:47:25.937 INFO: Epoch 256: loss=3.8387, RMSE_E_per_atom=7.1 meV, RMSE_F=386.6 meV / A
2025-11-05 08:47:39.320 INFO: Epoch 258: loss=3.8364, RMSE_E_per_atom=7.2 meV, RMSE_F=386.4 meV / A
2025-11-05 08:47:52.683 INFO: Epoch 260: loss=3.8399, RMSE_E_per_atom=7.2 meV, RMSE_F=386.7 meV / A
2025-11-05 08:48:06.059 INFO: Epoch 262: loss=3.8366, RMSE_E_per_atom=7.1 meV, RMSE_F=386.5 meV / A
2025-11-05 08:48:19.492 INFO: Epoch 264: loss=3.8351, RMSE_E_per_atom=7.0 meV, RMSE_F=386.5 meV / A
2025-11-05 08:48:32.929 INFO: Epoch 266: loss=3.8340, RMSE_E_per_atom=7.1 meV, RMSE_F=386.4 meV / A
2025-11-05 08:48:46.467 INFO: Epoch 268: loss=3.8309, RMSE_E_per_atom=7.0 meV, RMSE_F=386.3 meV / A
2025-11-05 08:48:59.897 INFO: Epoch 270: loss=3.8364, RMSE_E_per_atom=7.0 meV, RMSE_F=386.6 meV / A
2025-11-05 08:49:13.320 INFO: Epoch 272: loss=3.8444, RMSE_E_per_atom=7.0 meV, RMSE_F=387.1 meV / A
2025-11-05 08:49:26.734 INFO: Epoch 274: loss=3.8421, RMSE_E_per_atom=7.0 meV, RMSE_F=387.0 meV / A
2025-11-05 08:49:40.158 INFO: Epoch 276: loss=3.8410, RMSE_E_per_atom=6.8 meV, RMSE_F=387.0 meV / A
2025-11-05 08:49:53.586 INFO: Epoch 278: loss=3.8451, RMSE_E_per_atom=6.7 meV, RMSE_F=387.2 meV / A
2025-11-05 08:50:07.007 INFO: Epoch 280: loss=3.8514, RMSE_E_per_atom=6.7 meV, RMSE_F=387.6 meV / A
2025-11-05 08:50:20.431 INFO: Epoch 282: loss=3.8549, RMSE_E_per_atom=6.6 meV, RMSE_F=387.8 meV / A
2025-11-05 08:50:33.846 INFO: Epoch 284: loss=3.8565, RMSE_E_per_atom=6.7 meV, RMSE_F=387.9 meV / A
2025-11-05 08:50:47.269 INFO: Epoch 286: loss=3.8604, RMSE_E_per_atom=6.7 meV, RMSE_F=388.1 meV / A
2025-11-05 08:51:03.961 INFO: Epoch 288: loss=3.8556, RMSE_E_per_atom=6.6 meV, RMSE_F=387.9 meV / A
2025-11-05 08:51:17.385 INFO: Epoch 290: loss=3.8546, RMSE_E_per_atom=6.6 meV, RMSE_F=387.8 meV / A
2025-11-05 08:51:30.807 INFO: Epoch 292: loss=3.8587, RMSE_E_per_atom=6.7 meV, RMSE_F=388.1 meV / A
2025-11-05 08:51:44.229 INFO: Epoch 294: loss=3.8671, RMSE_E_per_atom=6.8 meV, RMSE_F=388.5 meV / A
2025-11-05 08:51:57.649 INFO: Epoch 296: loss=3.8742, RMSE_E_per_atom=6.7 meV, RMSE_F=388.9 meV / A
2025-11-05 08:52:11.069 INFO: Epoch 298: loss=3.8822, RMSE_E_per_atom=6.7 meV, RMSE_F=389.3 meV / A
2025-11-05 08:52:24.499 INFO: Epoch 300: loss=3.8874, RMSE_E_per_atom=6.7 meV, RMSE_F=389.6 meV / A
2025-11-05 08:52:37.923 INFO: Epoch 302: loss=3.8892, RMSE_E_per_atom=6.6 meV, RMSE_F=389.7 meV / A
2025-11-05 08:52:51.345 INFO: Epoch 304: loss=3.8927, RMSE_E_per_atom=6.6 meV, RMSE_F=389.9 meV / A
2025-11-05 08:53:04.769 INFO: Epoch 306: loss=3.8895, RMSE_E_per_atom=6.5 meV, RMSE_F=389.8 meV / A
2025-11-05 08:53:18.201 INFO: Epoch 308: loss=3.8834, RMSE_E_per_atom=6.5 meV, RMSE_F=389.5 meV / A
2025-11-05 08:53:31.625 INFO: Epoch 310: loss=3.8904, RMSE_E_per_atom=6.4 meV, RMSE_F=389.9 meV / A
2025-11-05 08:53:45.038 INFO: Epoch 312: loss=3.8965, RMSE_E_per_atom=6.4 meV, RMSE_F=390.2 meV / A
2025-11-05 08:53:58.463 INFO: Epoch 314: loss=3.9001, RMSE_E_per_atom=6.6 meV, RMSE_F=390.4 meV / A
2025-11-05 08:54:11.889 INFO: Epoch 316: loss=3.9060, RMSE_E_per_atom=6.5 meV, RMSE_F=390.7 meV / A
2025-11-05 08:54:25.313 INFO: Epoch 318: loss=3.9134, RMSE_E_per_atom=6.5 meV, RMSE_F=391.1 meV / A
2025-11-05 08:54:38.735 INFO: Epoch 320: loss=3.9106, RMSE_E_per_atom=6.4 meV, RMSE_F=391.0 meV / A
2025-11-05 08:54:52.162 INFO: Epoch 322: loss=3.9225, RMSE_E_per_atom=6.4 meV, RMSE_F=391.6 meV / A
2025-11-05 08:55:05.588 INFO: Epoch 324: loss=3.9198, RMSE_E_per_atom=6.4 meV, RMSE_F=391.5 meV / A
2025-11-05 08:55:19.018 INFO: Epoch 326: loss=3.9164, RMSE_E_per_atom=6.4 meV, RMSE_F=391.3 meV / A
2025-11-05 08:55:32.448 INFO: Epoch 328: loss=3.9203, RMSE_E_per_atom=6.4 meV, RMSE_F=391.6 meV / A
2025-11-05 08:55:45.869 INFO: Epoch 330: loss=3.9192, RMSE_E_per_atom=6.3 meV, RMSE_F=391.5 meV / A
2025-11-05 08:55:59.295 INFO: Epoch 332: loss=3.9119, RMSE_E_per_atom=6.3 meV, RMSE_F=391.2 meV / A
2025-11-05 08:56:12.718 INFO: Epoch 334: loss=3.9133, RMSE_E_per_atom=6.3 meV, RMSE_F=391.3 meV / A
2025-11-05 08:56:26.145 INFO: Epoch 336: loss=3.9176, RMSE_E_per_atom=6.3 meV, RMSE_F=391.5 meV / A
2025-11-05 08:56:39.564 INFO: Epoch 338: loss=3.9236, RMSE_E_per_atom=6.2 meV, RMSE_F=391.8 meV / A
2025-11-05 08:56:52.993 INFO: Epoch 340: loss=3.9230, RMSE_E_per_atom=6.2 meV, RMSE_F=391.8 meV / A
2025-11-05 08:57:06.415 INFO: Epoch 342: loss=3.9265, RMSE_E_per_atom=6.2 meV, RMSE_F=392.0 meV / A
2025-11-05 08:57:19.842 INFO: Epoch 344: loss=3.9290, RMSE_E_per_atom=6.0 meV, RMSE_F=392.2 meV / A
2025-11-05 08:57:33.235 INFO: Epoch 346: loss=3.9368, RMSE_E_per_atom=6.2 meV, RMSE_F=392.6 meV / A
2025-11-05 08:57:46.599 INFO: Epoch 348: loss=3.9377, RMSE_E_per_atom=6.2 meV, RMSE_F=392.6 meV / A
2025-11-05 08:57:59.958 INFO: Epoch 350: loss=3.9336, RMSE_E_per_atom=6.1 meV, RMSE_F=392.4 meV / A
2025-11-05 08:58:13.373 INFO: Epoch 352: loss=3.9375, RMSE_E_per_atom=6.2 meV, RMSE_F=392.6 meV / A
2025-11-05 08:58:26.826 INFO: Epoch 354: loss=3.9377, RMSE_E_per_atom=6.1 meV, RMSE_F=392.6 meV / A
2025-11-05 08:58:40.257 INFO: Epoch 356: loss=3.9255, RMSE_E_per_atom=6.1 meV, RMSE_F=392.0 meV / A
2025-11-05 08:58:53.677 INFO: Epoch 358: loss=3.9165, RMSE_E_per_atom=6.1 meV, RMSE_F=391.6 meV / A
2025-11-05 08:59:07.104 INFO: Epoch 360: loss=3.9153, RMSE_E_per_atom=6.1 meV, RMSE_F=391.5 meV / A
2025-11-05 08:59:20.531 INFO: Epoch 362: loss=3.9201, RMSE_E_per_atom=6.1 meV, RMSE_F=391.8 meV / A
2025-11-05 08:59:33.959 INFO: Epoch 364: loss=3.9148, RMSE_E_per_atom=6.0 meV, RMSE_F=391.5 meV / A
2025-11-05 08:59:47.395 INFO: Epoch 366: loss=3.9312, RMSE_E_per_atom=6.2 meV, RMSE_F=392.4 meV / A
2025-11-05 09:00:00.818 INFO: Epoch 368: loss=3.9397, RMSE_E_per_atom=6.2 meV, RMSE_F=392.8 meV / A
2025-11-05 09:00:14.245 INFO: Epoch 370: loss=3.9410, RMSE_E_per_atom=6.2 meV, RMSE_F=392.9 meV / A
2025-11-05 09:00:27.670 INFO: Epoch 372: loss=3.9457, RMSE_E_per_atom=6.2 meV, RMSE_F=393.2 meV / A
2025-11-05 09:00:41.088 INFO: Epoch 374: loss=3.9556, RMSE_E_per_atom=6.1 meV, RMSE_F=393.7 meV / A
2025-11-05 09:00:54.506 INFO: Epoch 376: loss=3.9584, RMSE_E_per_atom=6.1 meV, RMSE_F=393.8 meV / A
2025-11-05 09:01:07.925 INFO: Epoch 378: loss=3.9771, RMSE_E_per_atom=6.0 meV, RMSE_F=394.8 meV / A
2025-11-05 09:01:21.348 INFO: Epoch 380: loss=3.9743, RMSE_E_per_atom=6.0 meV, RMSE_F=394.7 meV / A
2025-11-05 09:01:34.770 INFO: Epoch 382: loss=3.9784, RMSE_E_per_atom=5.9 meV, RMSE_F=394.9 meV / A
2025-11-05 09:01:48.194 INFO: Epoch 384: loss=3.9820, RMSE_E_per_atom=5.9 meV, RMSE_F=395.1 meV / A
2025-11-05 09:02:02.989 INFO: Epoch 386: loss=3.9818, RMSE_E_per_atom=5.9 meV, RMSE_F=395.1 meV / A
2025-11-05 09:02:16.412 INFO: Epoch 388: loss=3.9890, RMSE_E_per_atom=5.9 meV, RMSE_F=395.4 meV / A
2025-11-05 09:02:29.846 INFO: Epoch 390: loss=3.9975, RMSE_E_per_atom=5.9 meV, RMSE_F=395.9 meV / A
2025-11-05 09:02:43.269 INFO: Epoch 392: loss=4.0014, RMSE_E_per_atom=5.9 meV, RMSE_F=396.1 meV / A
2025-11-05 09:02:56.688 INFO: Epoch 394: loss=4.0012, RMSE_E_per_atom=5.9 meV, RMSE_F=396.1 meV / A
2025-11-05 09:03:10.116 INFO: Epoch 396: loss=4.0060, RMSE_E_per_atom=5.9 meV, RMSE_F=396.3 meV / A
2025-11-05 09:03:23.533 INFO: Epoch 398: loss=4.0103, RMSE_E_per_atom=6.0 meV, RMSE_F=396.6 meV / A
2025-11-05 09:03:36.957 INFO: Epoch 400: loss=4.0141, RMSE_E_per_atom=6.0 meV, RMSE_F=396.8 meV / A
2025-11-05 09:03:50.380 INFO: Epoch 402: loss=4.0053, RMSE_E_per_atom=6.0 meV, RMSE_F=396.3 meV / A
2025-11-05 09:04:03.798 INFO: Epoch 404: loss=4.0091, RMSE_E_per_atom=6.1 meV, RMSE_F=396.5 meV / A
2025-11-05 09:04:17.214 INFO: Epoch 406: loss=4.0188, RMSE_E_per_atom=6.1 meV, RMSE_F=397.0 meV / A
2025-11-05 09:04:30.638 INFO: Epoch 408: loss=4.0068, RMSE_E_per_atom=6.1 meV, RMSE_F=396.4 meV / A
2025-11-05 09:04:44.068 INFO: Epoch 410: loss=4.0009, RMSE_E_per_atom=6.0 meV, RMSE_F=396.2 meV / A
2025-11-05 09:04:57.498 INFO: Epoch 412: loss=4.0184, RMSE_E_per_atom=6.0 meV, RMSE_F=397.1 meV / A
2025-11-05 09:05:11.172 INFO: Epoch 414: loss=4.0312, RMSE_E_per_atom=5.9 meV, RMSE_F=397.7 meV / A
2025-11-05 09:05:24.596 INFO: Epoch 416: loss=4.0405, RMSE_E_per_atom=5.9 meV, RMSE_F=398.2 meV / A
2025-11-05 09:05:38.013 INFO: Epoch 418: loss=4.0472, RMSE_E_per_atom=5.9 meV, RMSE_F=398.6 meV / A
2025-11-05 09:05:51.430 INFO: Epoch 420: loss=4.0608, RMSE_E_per_atom=5.8 meV, RMSE_F=399.3 meV / A
2025-11-05 09:06:04.849 INFO: Epoch 422: loss=4.0772, RMSE_E_per_atom=5.8 meV, RMSE_F=400.1 meV / A
2025-11-05 09:06:18.271 INFO: Epoch 424: loss=4.0896, RMSE_E_per_atom=5.8 meV, RMSE_F=400.7 meV / A
2025-11-05 09:06:31.693 INFO: Epoch 426: loss=4.1090, RMSE_E_per_atom=5.8 meV, RMSE_F=401.7 meV / A
2025-11-05 09:06:45.114 INFO: Epoch 428: loss=4.1236, RMSE_E_per_atom=5.8 meV, RMSE_F=402.4 meV / A
2025-11-05 09:06:58.537 INFO: Epoch 430: loss=4.1383, RMSE_E_per_atom=5.8 meV, RMSE_F=403.2 meV / A
2025-11-05 09:07:11.959 INFO: Epoch 432: loss=4.1520, RMSE_E_per_atom=5.7 meV, RMSE_F=403.9 meV / A
2025-11-05 09:07:25.377 INFO: Epoch 434: loss=4.1594, RMSE_E_per_atom=5.7 meV, RMSE_F=404.3 meV / A
2025-11-05 09:07:38.755 INFO: Epoch 436: loss=4.1703, RMSE_E_per_atom=5.7 meV, RMSE_F=404.8 meV / A
2025-11-05 09:07:52.113 INFO: Epoch 438: loss=4.1787, RMSE_E_per_atom=5.7 meV, RMSE_F=405.2 meV / A
2025-11-05 09:08:05.480 INFO: Epoch 440: loss=4.1767, RMSE_E_per_atom=5.7 meV, RMSE_F=405.1 meV / A
2025-11-05 09:08:18.914 INFO: Epoch 442: loss=4.1883, RMSE_E_per_atom=5.8 meV, RMSE_F=405.7 meV / A
2025-11-05 09:08:32.349 INFO: Epoch 444: loss=4.1979, RMSE_E_per_atom=5.8 meV, RMSE_F=406.2 meV / A
2025-11-05 09:08:45.787 INFO: Epoch 446: loss=4.2075, RMSE_E_per_atom=5.8 meV, RMSE_F=406.7 meV / A
2025-11-05 09:08:59.216 INFO: Epoch 448: loss=4.2291, RMSE_E_per_atom=5.7 meV, RMSE_F=407.7 meV / A
2025-11-05 09:09:12.644 INFO: Epoch 450: loss=4.2519, RMSE_E_per_atom=5.6 meV, RMSE_F=408.9 meV / A
2025-11-05 09:09:26.080 INFO: Epoch 452: loss=4.2546, RMSE_E_per_atom=5.6 meV, RMSE_F=409.0 meV / A
2025-11-05 09:09:39.525 INFO: Epoch 454: loss=4.2551, RMSE_E_per_atom=5.6 meV, RMSE_F=409.0 meV / A
2025-11-05 09:09:52.948 INFO: Epoch 456: loss=4.2677, RMSE_E_per_atom=5.6 meV, RMSE_F=409.7 meV / A
2025-11-05 09:10:06.378 INFO: Epoch 458: loss=4.2724, RMSE_E_per_atom=5.6 meV, RMSE_F=409.9 meV / A
2025-11-05 09:10:19.800 INFO: Epoch 460: loss=4.2794, RMSE_E_per_atom=5.6 meV, RMSE_F=410.2 meV / A
2025-11-05 09:10:33.222 INFO: Epoch 462: loss=4.2810, RMSE_E_per_atom=5.7 meV, RMSE_F=410.3 meV / A
2025-11-05 09:10:46.649 INFO: Epoch 464: loss=4.2807, RMSE_E_per_atom=5.7 meV, RMSE_F=410.3 meV / A
2025-11-05 09:11:00.074 INFO: Epoch 466: loss=4.2934, RMSE_E_per_atom=5.7 meV, RMSE_F=410.9 meV / A
2025-11-05 09:11:13.501 INFO: Epoch 468: loss=4.3152, RMSE_E_per_atom=5.8 meV, RMSE_F=412.0 meV / A
2025-11-05 09:11:26.930 INFO: Epoch 470: loss=4.3202, RMSE_E_per_atom=5.8 meV, RMSE_F=412.2 meV / A
2025-11-05 09:11:40.353 INFO: Epoch 472: loss=4.3407, RMSE_E_per_atom=5.7 meV, RMSE_F=413.2 meV / A
2025-11-05 09:11:53.777 INFO: Epoch 474: loss=4.3477, RMSE_E_per_atom=5.7 meV, RMSE_F=413.6 meV / A
2025-11-05 09:12:07.209 INFO: Epoch 476: loss=4.3530, RMSE_E_per_atom=5.7 meV, RMSE_F=413.9 meV / A
2025-11-05 09:12:20.626 INFO: Epoch 478: loss=4.3627, RMSE_E_per_atom=5.7 meV, RMSE_F=414.3 meV / A
2025-11-05 09:12:34.044 INFO: Epoch 480: loss=4.3705, RMSE_E_per_atom=5.7 meV, RMSE_F=414.7 meV / A
2025-11-05 09:12:48.989 INFO: Epoch 482: loss=4.3862, RMSE_E_per_atom=5.7 meV, RMSE_F=415.5 meV / A
2025-11-05 09:13:02.417 INFO: Epoch 484: loss=4.3927, RMSE_E_per_atom=5.7 meV, RMSE_F=415.8 meV / A
2025-11-05 09:13:15.861 INFO: Epoch 486: loss=4.3826, RMSE_E_per_atom=5.8 meV, RMSE_F=415.3 meV / A
2025-11-05 09:13:29.286 INFO: Epoch 488: loss=4.3779, RMSE_E_per_atom=5.9 meV, RMSE_F=415.1 meV / A
2025-11-05 09:13:42.710 INFO: Epoch 490: loss=4.3913, RMSE_E_per_atom=5.7 meV, RMSE_F=415.7 meV / A
2025-11-05 09:13:56.146 INFO: Epoch 492: loss=4.4041, RMSE_E_per_atom=5.7 meV, RMSE_F=416.3 meV / A
2025-11-05 09:14:09.570 INFO: Epoch 494: loss=4.4223, RMSE_E_per_atom=5.7 meV, RMSE_F=417.2 meV / A
2025-11-05 09:14:22.991 INFO: Epoch 496: loss=4.4482, RMSE_E_per_atom=5.7 meV, RMSE_F=418.5 meV / A
2025-11-05 09:14:36.415 INFO: Epoch 498: loss=4.4842, RMSE_E_per_atom=5.9 meV, RMSE_F=420.2 meV / A
2025-11-05 09:14:49.832 INFO: Epoch 500: loss=4.5099, RMSE_E_per_atom=5.6 meV, RMSE_F=421.4 meV / A
2025-11-05 09:15:03.255 INFO: Epoch 502: loss=4.5301, RMSE_E_per_atom=5.6 meV, RMSE_F=422.4 meV / A
2025-11-05 09:15:16.680 INFO: Epoch 504: loss=4.5384, RMSE_E_per_atom=5.6 meV, RMSE_F=422.8 meV / A
2025-11-05 09:15:30.113 INFO: Epoch 506: loss=4.5485, RMSE_E_per_atom=5.6 meV, RMSE_F=423.3 meV / A
2025-11-05 09:15:43.539 INFO: Epoch 508: loss=4.5585, RMSE_E_per_atom=5.6 meV, RMSE_F=423.7 meV / A
2025-11-05 09:15:56.966 INFO: Epoch 510: loss=4.5735, RMSE_E_per_atom=5.6 meV, RMSE_F=424.5 meV / A
2025-11-05 09:16:10.390 INFO: Epoch 512: loss=4.5870, RMSE_E_per_atom=5.6 meV, RMSE_F=425.1 meV / A
2025-11-05 09:16:23.817 INFO: Epoch 514: loss=4.6185, RMSE_E_per_atom=5.7 meV, RMSE_F=426.6 meV / A
2025-11-05 09:16:37.248 INFO: Epoch 516: loss=4.6239, RMSE_E_per_atom=5.7 meV, RMSE_F=426.8 meV / A
2025-11-05 09:16:50.678 INFO: Epoch 518: loss=4.6589, RMSE_E_per_atom=5.6 meV, RMSE_F=428.5 meV / A
2025-11-05 09:17:04.100 INFO: Epoch 520: loss=4.6920, RMSE_E_per_atom=5.5 meV, RMSE_F=430.0 meV / A
2025-11-05 09:17:17.530 INFO: Epoch 522: loss=4.7280, RMSE_E_per_atom=5.5 meV, RMSE_F=431.7 meV / A
2025-11-05 09:17:30.933 INFO: Epoch 524: loss=4.7395, RMSE_E_per_atom=5.6 meV, RMSE_F=432.2 meV / A
2025-11-05 09:17:44.275 INFO: Epoch 526: loss=4.7340, RMSE_E_per_atom=5.6 meV, RMSE_F=432.0 meV / A
2025-11-05 09:17:57.614 INFO: Epoch 528: loss=4.7439, RMSE_E_per_atom=5.6 meV, RMSE_F=432.5 meV / A
2025-11-05 09:18:11.034 INFO: Epoch 530: loss=4.7558, RMSE_E_per_atom=5.6 meV, RMSE_F=433.0 meV / A
2025-11-05 09:18:24.553 INFO: Epoch 532: loss=4.7695, RMSE_E_per_atom=5.5 meV, RMSE_F=433.7 meV / A
2025-11-05 09:18:37.988 INFO: Epoch 534: loss=4.7863, RMSE_E_per_atom=5.5 meV, RMSE_F=434.4 meV / A
2025-11-05 09:18:51.424 INFO: Epoch 536: loss=4.8244, RMSE_E_per_atom=5.6 meV, RMSE_F=436.2 meV / A
2025-11-05 09:19:04.855 INFO: Epoch 538: loss=4.8383, RMSE_E_per_atom=5.6 meV, RMSE_F=436.8 meV / A
2025-11-05 09:19:18.281 INFO: Epoch 540: loss=4.8530, RMSE_E_per_atom=5.6 meV, RMSE_F=437.5 meV / A
2025-11-05 09:19:31.708 INFO: Epoch 542: loss=4.8500, RMSE_E_per_atom=5.6 meV, RMSE_F=437.4 meV / A
2025-11-05 09:19:45.137 INFO: Epoch 544: loss=4.8835, RMSE_E_per_atom=5.5 meV, RMSE_F=438.9 meV / A
2025-11-05 09:19:58.563 INFO: Epoch 546: loss=4.8997, RMSE_E_per_atom=5.5 meV, RMSE_F=439.6 meV / A
2025-11-05 09:20:11.996 INFO: Epoch 548: loss=4.9269, RMSE_E_per_atom=5.5 meV, RMSE_F=440.9 meV / A
2025-11-05 09:20:25.429 INFO: Epoch 550: loss=4.9528, RMSE_E_per_atom=5.6 meV, RMSE_F=442.1 meV / A
2025-11-05 09:20:38.856 INFO: Epoch 552: loss=4.9821, RMSE_E_per_atom=5.6 meV, RMSE_F=443.4 meV / A
2025-11-05 09:20:52.286 INFO: Epoch 554: loss=5.0148, RMSE_E_per_atom=5.5 meV, RMSE_F=444.9 meV / A
2025-11-05 09:21:05.718 INFO: Epoch 556: loss=5.0399, RMSE_E_per_atom=5.5 meV, RMSE_F=446.0 meV / A
2025-11-05 09:21:19.148 INFO: Epoch 558: loss=5.0597, RMSE_E_per_atom=5.5 meV, RMSE_F=446.9 meV / A
2025-11-05 09:21:32.577 INFO: Epoch 560: loss=5.0834, RMSE_E_per_atom=5.5 meV, RMSE_F=448.0 meV / A
2025-11-05 09:21:46.008 INFO: Epoch 562: loss=5.1224, RMSE_E_per_atom=5.5 meV, RMSE_F=449.7 meV / A
2025-11-05 09:21:59.437 INFO: Epoch 564: loss=5.1488, RMSE_E_per_atom=5.6 meV, RMSE_F=450.9 meV / A
2025-11-05 09:22:12.869 INFO: Epoch 566: loss=5.1696, RMSE_E_per_atom=5.6 meV, RMSE_F=451.8 meV / A
2025-11-05 09:22:26.310 INFO: Epoch 568: loss=5.1842, RMSE_E_per_atom=5.6 meV, RMSE_F=452.5 meV / A
2025-11-05 09:22:39.745 INFO: Epoch 570: loss=5.1632, RMSE_E_per_atom=5.6 meV, RMSE_F=451.5 meV / A
2025-11-05 09:22:53.176 INFO: Epoch 572: loss=5.1703, RMSE_E_per_atom=5.6 meV, RMSE_F=451.9 meV / A
2025-11-05 09:23:06.607 INFO: Epoch 574: loss=5.1998, RMSE_E_per_atom=5.6 meV, RMSE_F=453.2 meV / A
2025-11-05 09:23:20.045 INFO: Epoch 576: loss=5.2378, RMSE_E_per_atom=5.6 meV, RMSE_F=454.8 meV / A
2025-11-05 09:23:33.464 INFO: Epoch 578: loss=5.2688, RMSE_E_per_atom=5.6 meV, RMSE_F=456.2 meV / A
2025-11-05 09:23:46.893 INFO: Epoch 580: loss=5.3040, RMSE_E_per_atom=5.6 meV, RMSE_F=457.8 meV / A
2025-11-05 09:24:00.326 INFO: Epoch 582: loss=5.3255, RMSE_E_per_atom=5.6 meV, RMSE_F=458.7 meV / A
2025-11-05 09:24:13.748 INFO: Epoch 584: loss=5.3382, RMSE_E_per_atom=5.5 meV, RMSE_F=459.3 meV / A
2025-11-05 09:24:27.169 INFO: Epoch 586: loss=5.3580, RMSE_E_per_atom=5.5 meV, RMSE_F=460.1 meV / A
2025-11-05 09:24:40.595 INFO: Epoch 588: loss=5.3762, RMSE_E_per_atom=5.5 meV, RMSE_F=460.9 meV / A
2025-11-05 09:24:54.033 INFO: Epoch 590: loss=5.3989, RMSE_E_per_atom=5.5 meV, RMSE_F=461.9 meV / A
2025-11-05 09:25:07.459 INFO: Epoch 592: loss=5.4178, RMSE_E_per_atom=5.5 meV, RMSE_F=462.7 meV / A
2025-11-05 09:25:20.898 INFO: Epoch 594: loss=5.4285, RMSE_E_per_atom=5.6 meV, RMSE_F=463.2 meV / A
2025-11-05 09:25:34.327 INFO: Epoch 596: loss=5.4451, RMSE_E_per_atom=5.5 meV, RMSE_F=463.9 meV / A
2025-11-05 09:25:47.760 INFO: Epoch 598: loss=5.4644, RMSE_E_per_atom=5.5 meV, RMSE_F=464.8 meV / A
2025-11-05 09:26:01.195 INFO: Epoch 600: loss=5.4978, RMSE_E_per_atom=5.5 meV, RMSE_F=466.2 meV / A
2025-11-05 09:26:14.627 INFO: Epoch 602: loss=5.5192, RMSE_E_per_atom=5.5 meV, RMSE_F=467.1 meV / A
2025-11-05 09:26:28.060 INFO: Epoch 604: loss=5.5711, RMSE_E_per_atom=5.5 meV, RMSE_F=469.3 meV / A
2025-11-05 09:26:41.492 INFO: Epoch 606: loss=5.6055, RMSE_E_per_atom=5.6 meV, RMSE_F=470.8 meV / A
2025-11-05 09:26:54.920 INFO: Epoch 608: loss=5.5966, RMSE_E_per_atom=5.6 meV, RMSE_F=470.4 meV / A
2025-11-05 09:27:08.358 INFO: Epoch 610: loss=5.6245, RMSE_E_per_atom=5.5 meV, RMSE_F=471.6 meV / A
2025-11-05 09:27:21.780 INFO: Epoch 612: loss=5.6507, RMSE_E_per_atom=5.5 meV, RMSE_F=472.7 meV / A
2025-11-05 09:27:35.162 INFO: Epoch 614: loss=5.6894, RMSE_E_per_atom=5.5 meV, RMSE_F=474.4 meV / A
2025-11-05 09:27:48.498 INFO: Epoch 616: loss=5.7152, RMSE_E_per_atom=5.5 meV, RMSE_F=475.4 meV / A
2025-11-05 09:28:01.844 INFO: Epoch 618: loss=5.7525, RMSE_E_per_atom=5.5 meV, RMSE_F=477.0 meV / A
2025-11-05 09:28:15.267 INFO: Epoch 620: loss=5.7712, RMSE_E_per_atom=5.5 meV, RMSE_F=477.8 meV / A
2025-11-05 09:28:28.715 INFO: Epoch 622: loss=5.8157, RMSE_E_per_atom=5.5 meV, RMSE_F=479.7 meV / A
2025-11-05 09:28:42.146 INFO: Epoch 624: loss=5.8439, RMSE_E_per_atom=5.5 meV, RMSE_F=480.8 meV / A
2025-11-05 09:28:55.579 INFO: Epoch 626: loss=5.8656, RMSE_E_per_atom=5.5 meV, RMSE_F=481.8 meV / A
2025-11-05 09:29:09.016 INFO: Epoch 628: loss=5.8938, RMSE_E_per_atom=5.4 meV, RMSE_F=482.9 meV / A
2025-11-05 09:29:22.444 INFO: Epoch 630: loss=5.9312, RMSE_E_per_atom=5.4 meV, RMSE_F=484.5 meV / A
2025-11-05 09:29:35.879 INFO: Epoch 632: loss=5.9510, RMSE_E_per_atom=5.4 meV, RMSE_F=485.3 meV / A
2025-11-05 09:29:49.305 INFO: Epoch 634: loss=5.9773, RMSE_E_per_atom=5.4 meV, RMSE_F=486.4 meV / A
2025-11-05 09:30:02.729 INFO: Epoch 636: loss=6.0161, RMSE_E_per_atom=5.5 meV, RMSE_F=488.0 meV / A
2025-11-05 09:30:16.161 INFO: Epoch 638: loss=6.0374, RMSE_E_per_atom=5.4 meV, RMSE_F=488.9 meV / A
2025-11-05 09:30:29.593 INFO: Epoch 640: loss=6.0355, RMSE_E_per_atom=5.4 meV, RMSE_F=488.8 meV / A
2025-11-05 09:30:43.032 INFO: Epoch 642: loss=6.0307, RMSE_E_per_atom=5.6 meV, RMSE_F=488.6 meV / A
2025-11-05 09:30:56.460 INFO: Epoch 644: loss=6.0166, RMSE_E_per_atom=5.6 meV, RMSE_F=488.0 meV / A
2025-11-05 09:31:09.890 INFO: Epoch 646: loss=5.9911, RMSE_E_per_atom=5.4 meV, RMSE_F=487.0 meV / A
2025-11-05 09:31:23.324 INFO: Epoch 648: loss=5.9918, RMSE_E_per_atom=5.5 meV, RMSE_F=487.0 meV / A
2025-11-05 09:31:36.747 INFO: Epoch 650: loss=6.0406, RMSE_E_per_atom=5.4 meV, RMSE_F=489.0 meV / A
2025-11-05 09:31:50.173 INFO: Epoch 652: loss=6.0459, RMSE_E_per_atom=5.4 meV, RMSE_F=489.2 meV / A
2025-11-05 09:32:03.604 INFO: Epoch 654: loss=6.0647, RMSE_E_per_atom=5.4 meV, RMSE_F=490.0 meV / A
2025-11-05 09:32:17.036 INFO: Epoch 656: loss=6.0713, RMSE_E_per_atom=5.4 meV, RMSE_F=490.3 meV / A
2025-11-05 09:32:30.458 INFO: Epoch 658: loss=6.1115, RMSE_E_per_atom=5.4 meV, RMSE_F=491.9 meV / A
2025-11-05 09:32:43.888 INFO: Epoch 660: loss=6.1430, RMSE_E_per_atom=5.4 meV, RMSE_F=493.2 meV / A
2025-11-05 09:32:57.312 INFO: Epoch 662: loss=6.1711, RMSE_E_per_atom=5.4 meV, RMSE_F=494.3 meV / A
2025-11-05 09:33:10.899 INFO: Epoch 664: loss=6.2268, RMSE_E_per_atom=5.4 meV, RMSE_F=496.6 meV / A
2025-11-05 09:33:24.323 INFO: Epoch 666: loss=6.3137, RMSE_E_per_atom=5.4 meV, RMSE_F=500.1 meV / A
2025-11-05 09:33:37.746 INFO: Epoch 668: loss=6.3341, RMSE_E_per_atom=5.4 meV, RMSE_F=500.9 meV / A
2025-11-05 09:33:51.173 INFO: Epoch 670: loss=6.3477, RMSE_E_per_atom=5.5 meV, RMSE_F=501.4 meV / A
2025-11-05 09:34:04.596 INFO: Epoch 672: loss=6.3544, RMSE_E_per_atom=5.5 meV, RMSE_F=501.7 meV / A
2025-11-05 09:34:18.017 INFO: Epoch 674: loss=6.3941, RMSE_E_per_atom=5.5 meV, RMSE_F=503.3 meV / A
2025-11-05 09:34:31.445 INFO: Epoch 676: loss=6.4350, RMSE_E_per_atom=5.5 meV, RMSE_F=504.9 meV / A
2025-11-05 09:34:44.869 INFO: Epoch 678: loss=6.4704, RMSE_E_per_atom=5.5 meV, RMSE_F=506.3 meV / A
2025-11-05 09:34:58.301 INFO: Epoch 680: loss=6.4758, RMSE_E_per_atom=5.5 meV, RMSE_F=506.5 meV / A
2025-11-05 09:35:11.729 INFO: Epoch 682: loss=6.4856, RMSE_E_per_atom=5.5 meV, RMSE_F=506.9 meV / A
2025-11-05 09:35:25.149 INFO: Epoch 684: loss=6.4936, RMSE_E_per_atom=5.5 meV, RMSE_F=507.3 meV / A
2025-11-05 09:35:38.578 INFO: Epoch 686: loss=6.5203, RMSE_E_per_atom=5.5 meV, RMSE_F=508.3 meV / A
2025-11-05 09:35:52.010 INFO: Epoch 688: loss=6.5029, RMSE_E_per_atom=5.5 meV, RMSE_F=507.6 meV / A
2025-11-05 09:36:05.441 INFO: Epoch 690: loss=6.5011, RMSE_E_per_atom=5.5 meV, RMSE_F=507.6 meV / A
2025-11-05 09:36:18.869 INFO: Epoch 692: loss=6.4750, RMSE_E_per_atom=5.5 meV, RMSE_F=506.5 meV / A
2025-11-05 09:36:32.300 INFO: Epoch 694: loss=6.4913, RMSE_E_per_atom=5.5 meV, RMSE_F=507.2 meV / A
2025-11-05 09:36:45.733 INFO: Epoch 696: loss=6.5726, RMSE_E_per_atom=5.5 meV, RMSE_F=510.4 meV / A
2025-11-05 09:36:59.163 INFO: Epoch 698: loss=6.5813, RMSE_E_per_atom=5.5 meV, RMSE_F=510.7 meV / A
2025-11-05 09:37:12.589 INFO: Epoch 700: loss=6.5805, RMSE_E_per_atom=5.4 meV, RMSE_F=510.7 meV / A
2025-11-05 09:37:26.020 INFO: Epoch 702: loss=6.5730, RMSE_E_per_atom=5.5 meV, RMSE_F=510.4 meV / A
2025-11-05 09:37:39.397 INFO: Epoch 704: loss=6.5658, RMSE_E_per_atom=5.5 meV, RMSE_F=510.1 meV / A
2025-11-05 09:37:52.740 INFO: Epoch 706: loss=6.5812, RMSE_E_per_atom=5.4 meV, RMSE_F=510.7 meV / A
2025-11-05 09:38:06.087 INFO: Epoch 708: loss=6.6033, RMSE_E_per_atom=5.5 meV, RMSE_F=511.6 meV / A
2025-11-05 09:38:19.531 INFO: Epoch 710: loss=6.6356, RMSE_E_per_atom=5.5 meV, RMSE_F=512.9 meV / A
2025-11-05 09:38:32.982 INFO: Epoch 712: loss=6.6661, RMSE_E_per_atom=5.5 meV, RMSE_F=514.0 meV / A
2025-11-05 09:38:46.419 INFO: Epoch 714: loss=6.7106, RMSE_E_per_atom=5.5 meV, RMSE_F=515.8 meV / A
2025-11-05 09:38:59.846 INFO: Epoch 716: loss=6.7337, RMSE_E_per_atom=5.4 meV, RMSE_F=516.7 meV / A
2025-11-05 09:39:13.271 INFO: Epoch 718: loss=6.7397, RMSE_E_per_atom=5.4 meV, RMSE_F=516.9 meV / A
2025-11-05 09:39:26.695 INFO: Epoch 720: loss=6.7358, RMSE_E_per_atom=5.4 meV, RMSE_F=516.8 meV / A
2025-11-05 09:39:40.124 INFO: Epoch 722: loss=6.7724, RMSE_E_per_atom=5.4 meV, RMSE_F=518.2 meV / A
2025-11-05 09:39:53.548 INFO: Epoch 724: loss=6.8290, RMSE_E_per_atom=5.4 meV, RMSE_F=520.4 meV / A
2025-11-05 09:40:06.978 INFO: Epoch 726: loss=6.8615, RMSE_E_per_atom=5.4 meV, RMSE_F=521.6 meV / A
2025-11-05 09:40:20.408 INFO: Epoch 728: loss=6.8315, RMSE_E_per_atom=5.4 meV, RMSE_F=520.5 meV / A
2025-11-05 09:40:33.839 INFO: Epoch 730: loss=6.8269, RMSE_E_per_atom=5.4 meV, RMSE_F=520.3 meV / A
2025-11-05 09:40:47.275 INFO: Epoch 732: loss=6.8421, RMSE_E_per_atom=5.4 meV, RMSE_F=520.9 meV / A
2025-11-05 09:41:00.700 INFO: Epoch 734: loss=6.8269, RMSE_E_per_atom=5.4 meV, RMSE_F=520.3 meV / A
2025-11-05 09:41:14.129 INFO: Epoch 736: loss=6.8598, RMSE_E_per_atom=5.3 meV, RMSE_F=521.6 meV / A
2025-11-05 09:41:27.561 INFO: Epoch 738: loss=6.8799, RMSE_E_per_atom=5.3 meV, RMSE_F=522.3 meV / A
2025-11-05 09:41:40.990 INFO: Epoch 740: loss=6.8874, RMSE_E_per_atom=5.3 meV, RMSE_F=522.6 meV / A
2025-11-05 09:41:54.417 INFO: Epoch 742: loss=6.9098, RMSE_E_per_atom=5.3 meV, RMSE_F=523.5 meV / A
2025-11-05 09:42:07.837 INFO: Epoch 744: loss=6.9782, RMSE_E_per_atom=5.3 meV, RMSE_F=526.1 meV / A
2025-11-05 09:42:21.268 INFO: Epoch 746: loss=7.0188, RMSE_E_per_atom=5.3 meV, RMSE_F=527.6 meV / A
2025-11-05 09:42:34.690 INFO: Epoch 748: loss=7.0224, RMSE_E_per_atom=5.3 meV, RMSE_F=527.8 meV / A
2025-11-05 09:42:48.119 INFO: Epoch 750: loss=7.0558, RMSE_E_per_atom=5.3 meV, RMSE_F=529.0 meV / A
2025-11-05 09:43:01.544 INFO: Epoch 752: loss=7.0825, RMSE_E_per_atom=5.3 meV, RMSE_F=530.0 meV / A
2025-11-05 09:43:14.968 INFO: Epoch 754: loss=7.1079, RMSE_E_per_atom=5.3 meV, RMSE_F=531.0 meV / A
2025-11-05 09:43:28.401 INFO: Epoch 756: loss=7.1347, RMSE_E_per_atom=5.4 meV, RMSE_F=532.0 meV / A
2025-11-05 09:43:41.833 INFO: Epoch 758: loss=7.1381, RMSE_E_per_atom=5.4 meV, RMSE_F=532.1 meV / A
2025-11-05 09:43:55.255 INFO: Epoch 760: loss=7.1453, RMSE_E_per_atom=5.4 meV, RMSE_F=532.4 meV / A
2025-11-05 09:44:08.686 INFO: Epoch 762: loss=7.1795, RMSE_E_per_atom=5.4 meV, RMSE_F=533.7 meV / A
2025-11-05 09:44:22.108 INFO: Epoch 764: loss=7.2020, RMSE_E_per_atom=5.4 meV, RMSE_F=534.5 meV / A
2025-11-05 09:44:35.529 INFO: Epoch 766: loss=7.1962, RMSE_E_per_atom=5.4 meV, RMSE_F=534.3 meV / A
2025-11-05 09:44:48.950 INFO: Epoch 768: loss=7.2603, RMSE_E_per_atom=5.4 meV, RMSE_F=536.7 meV / A
2025-11-05 09:45:02.375 INFO: Epoch 770: loss=7.2838, RMSE_E_per_atom=5.4 meV, RMSE_F=537.6 meV / A
2025-11-05 09:45:15.804 INFO: Epoch 772: loss=7.2757, RMSE_E_per_atom=5.4 meV, RMSE_F=537.3 meV / A
2025-11-05 09:45:29.232 INFO: Epoch 774: loss=7.2895, RMSE_E_per_atom=5.5 meV, RMSE_F=537.8 meV / A
2025-11-05 09:45:42.655 INFO: Epoch 776: loss=7.2992, RMSE_E_per_atom=5.4 meV, RMSE_F=538.2 meV / A
2025-11-05 09:45:56.087 INFO: Epoch 778: loss=7.3457, RMSE_E_per_atom=5.4 meV, RMSE_F=539.9 meV / A
2025-11-05 09:46:09.514 INFO: Epoch 780: loss=7.3325, RMSE_E_per_atom=5.4 meV, RMSE_F=539.4 meV / A
2025-11-05 09:46:22.941 INFO: Epoch 782: loss=7.3445, RMSE_E_per_atom=5.3 meV, RMSE_F=539.9 meV / A
2025-11-05 09:46:36.364 INFO: Epoch 784: loss=7.3462, RMSE_E_per_atom=5.3 meV, RMSE_F=539.9 meV / A
2025-11-05 09:46:49.790 INFO: Epoch 786: loss=7.3895, RMSE_E_per_atom=5.3 meV, RMSE_F=541.5 meV / A
2025-11-05 09:47:03.213 INFO: Epoch 788: loss=7.4013, RMSE_E_per_atom=5.4 meV, RMSE_F=542.0 meV / A
2025-11-05 09:47:16.647 INFO: Epoch 790: loss=7.3924, RMSE_E_per_atom=5.4 meV, RMSE_F=541.6 meV / A
2025-11-05 09:47:30.061 INFO: Epoch 792: loss=7.3867, RMSE_E_per_atom=5.4 meV, RMSE_F=541.4 meV / A
2025-11-05 09:47:43.405 INFO: Epoch 794: loss=7.4369, RMSE_E_per_atom=5.3 meV, RMSE_F=543.3 meV / A
2025-11-05 09:47:56.753 INFO: Epoch 796: loss=7.4418, RMSE_E_per_atom=5.3 meV, RMSE_F=543.5 meV / A
2025-11-05 09:48:10.129 INFO: Epoch 798: loss=7.4448, RMSE_E_per_atom=5.4 meV, RMSE_F=543.6 meV / A
2025-11-05 09:48:23.566 INFO: Epoch 800: loss=7.4597, RMSE_E_per_atom=5.4 meV, RMSE_F=544.1 meV / A
2025-11-05 09:48:37.012 INFO: Epoch 802: loss=7.4881, RMSE_E_per_atom=5.4 meV, RMSE_F=545.2 meV / A
2025-11-05 09:48:50.451 INFO: Epoch 804: loss=7.5056, RMSE_E_per_atom=5.4 meV, RMSE_F=545.8 meV / A
2025-11-05 09:49:03.877 INFO: Epoch 806: loss=7.5108, RMSE_E_per_atom=5.4 meV, RMSE_F=546.0 meV / A
2025-11-05 09:49:17.304 INFO: Epoch 808: loss=7.5049, RMSE_E_per_atom=5.4 meV, RMSE_F=545.8 meV / A
2025-11-05 09:49:30.727 INFO: Epoch 810: loss=7.4896, RMSE_E_per_atom=5.4 meV, RMSE_F=545.2 meV / A
2025-11-05 09:49:44.147 INFO: Epoch 812: loss=7.4862, RMSE_E_per_atom=5.4 meV, RMSE_F=545.1 meV / A
2025-11-05 09:49:57.566 INFO: Epoch 814: loss=7.4591, RMSE_E_per_atom=5.4 meV, RMSE_F=544.1 meV / A
2025-11-05 09:50:10.983 INFO: Epoch 816: loss=7.4530, RMSE_E_per_atom=5.4 meV, RMSE_F=543.9 meV / A
2025-11-05 09:50:24.408 INFO: Epoch 818: loss=7.4485, RMSE_E_per_atom=5.4 meV, RMSE_F=543.7 meV / A
2025-11-05 09:50:37.826 INFO: Epoch 820: loss=7.4439, RMSE_E_per_atom=5.4 meV, RMSE_F=543.6 meV / A
2025-11-05 09:50:51.242 INFO: Epoch 822: loss=7.4856, RMSE_E_per_atom=5.3 meV, RMSE_F=545.1 meV / A
2025-11-05 09:51:04.664 INFO: Epoch 824: loss=7.5030, RMSE_E_per_atom=5.4 meV, RMSE_F=545.7 meV / A
2025-11-05 09:51:18.083 INFO: Epoch 826: loss=7.5277, RMSE_E_per_atom=5.3 meV, RMSE_F=546.7 meV / A
2025-11-05 09:51:31.500 INFO: Epoch 828: loss=7.5845, RMSE_E_per_atom=5.4 meV, RMSE_F=548.7 meV / A
2025-11-05 09:51:44.917 INFO: Epoch 830: loss=7.6083, RMSE_E_per_atom=5.4 meV, RMSE_F=549.6 meV / A
2025-11-05 09:51:58.334 INFO: Epoch 832: loss=7.6135, RMSE_E_per_atom=5.4 meV, RMSE_F=549.8 meV / A
2025-11-05 09:52:11.754 INFO: Epoch 834: loss=7.6354, RMSE_E_per_atom=5.4 meV, RMSE_F=550.6 meV / A
2025-11-05 09:52:25.166 INFO: Epoch 836: loss=7.6240, RMSE_E_per_atom=5.4 meV, RMSE_F=550.2 meV / A
2025-11-05 09:52:38.588 INFO: Epoch 838: loss=7.6048, RMSE_E_per_atom=5.4 meV, RMSE_F=549.5 meV / A
2025-11-05 09:52:52.009 INFO: Epoch 840: loss=7.6839, RMSE_E_per_atom=5.3 meV, RMSE_F=552.4 meV / A
2025-11-05 09:53:07.251 INFO: Epoch 842: loss=7.6765, RMSE_E_per_atom=5.4 meV, RMSE_F=552.1 meV / A
2025-11-05 09:53:20.931 INFO: Epoch 844: loss=7.6801, RMSE_E_per_atom=5.3 meV, RMSE_F=552.2 meV / A
2025-11-05 09:53:34.340 INFO: Epoch 846: loss=7.6785, RMSE_E_per_atom=5.3 meV, RMSE_F=552.2 meV / A
2025-11-05 09:53:47.757 INFO: Epoch 848: loss=7.6759, RMSE_E_per_atom=5.4 meV, RMSE_F=552.1 meV / A
2025-11-05 09:54:01.171 INFO: Epoch 850: loss=7.6874, RMSE_E_per_atom=5.2 meV, RMSE_F=552.5 meV / A
2025-11-05 09:54:14.586 INFO: Epoch 852: loss=7.6839, RMSE_E_per_atom=5.2 meV, RMSE_F=552.4 meV / A
2025-11-05 09:54:28.000 INFO: Epoch 854: loss=7.6717, RMSE_E_per_atom=5.2 meV, RMSE_F=551.9 meV / A
2025-11-05 09:54:41.416 INFO: Epoch 856: loss=7.6935, RMSE_E_per_atom=5.2 meV, RMSE_F=552.7 meV / A
2025-11-05 09:54:54.827 INFO: Epoch 858: loss=7.7209, RMSE_E_per_atom=5.2 meV, RMSE_F=553.7 meV / A
2025-11-05 09:55:08.248 INFO: Epoch 860: loss=7.7290, RMSE_E_per_atom=5.2 meV, RMSE_F=554.0 meV / A
2025-11-05 09:55:21.664 INFO: Epoch 862: loss=7.7372, RMSE_E_per_atom=5.2 meV, RMSE_F=554.3 meV / A
2025-11-05 09:55:35.082 INFO: Epoch 864: loss=7.7510, RMSE_E_per_atom=5.2 meV, RMSE_F=554.8 meV / A
2025-11-05 09:55:48.494 INFO: Epoch 866: loss=7.7409, RMSE_E_per_atom=5.3 meV, RMSE_F=554.4 meV / A
2025-11-05 09:56:01.910 INFO: Epoch 868: loss=7.7898, RMSE_E_per_atom=5.2 meV, RMSE_F=556.2 meV / A
2025-11-05 09:56:15.324 INFO: Epoch 870: loss=7.7530, RMSE_E_per_atom=5.3 meV, RMSE_F=554.9 meV / A
2025-11-05 09:56:28.742 INFO: Epoch 872: loss=7.7294, RMSE_E_per_atom=5.4 meV, RMSE_F=554.0 meV / A
2025-11-05 09:56:42.154 INFO: Epoch 874: loss=7.6969, RMSE_E_per_atom=5.4 meV, RMSE_F=552.8 meV / A
2025-11-05 09:56:55.567 INFO: Epoch 876: loss=7.7058, RMSE_E_per_atom=5.4 meV, RMSE_F=553.2 meV / A
2025-11-05 09:57:08.986 INFO: Epoch 878: loss=7.7004, RMSE_E_per_atom=5.4 meV, RMSE_F=553.0 meV / A
2025-11-05 09:57:22.405 INFO: Epoch 880: loss=7.7068, RMSE_E_per_atom=5.4 meV, RMSE_F=553.2 meV / A
2025-11-05 09:57:35.794 INFO: Epoch 882: loss=7.6772, RMSE_E_per_atom=5.4 meV, RMSE_F=552.1 meV / A
2025-11-05 09:57:49.126 INFO: Epoch 884: loss=7.6710, RMSE_E_per_atom=5.4 meV, RMSE_F=551.9 meV / A
2025-11-05 09:58:02.456 INFO: Epoch 886: loss=7.7318, RMSE_E_per_atom=5.4 meV, RMSE_F=554.1 meV / A
2025-11-05 09:58:15.857 INFO: Epoch 888: loss=7.7376, RMSE_E_per_atom=5.3 meV, RMSE_F=554.3 meV / A
2025-11-05 09:58:29.271 INFO: Epoch 890: loss=7.6871, RMSE_E_per_atom=5.3 meV, RMSE_F=552.5 meV / A
2025-11-05 09:58:42.690 INFO: Epoch 892: loss=7.7329, RMSE_E_per_atom=5.3 meV, RMSE_F=554.2 meV / A
2025-11-05 09:58:56.106 INFO: Epoch 894: loss=7.7684, RMSE_E_per_atom=5.3 meV, RMSE_F=555.5 meV / A
2025-11-05 09:59:09.526 INFO: Epoch 896: loss=7.7902, RMSE_E_per_atom=5.3 meV, RMSE_F=556.2 meV / A
2025-11-05 09:59:22.944 INFO: Epoch 898: loss=7.8091, RMSE_E_per_atom=5.4 meV, RMSE_F=556.9 meV / A
2025-11-05 09:59:36.361 INFO: Epoch 900: loss=7.7898, RMSE_E_per_atom=5.4 meV, RMSE_F=556.2 meV / A
2025-11-05 09:59:49.779 INFO: Epoch 902: loss=7.7531, RMSE_E_per_atom=5.4 meV, RMSE_F=554.9 meV / A
2025-11-05 10:00:03.190 INFO: Epoch 904: loss=7.7698, RMSE_E_per_atom=5.4 meV, RMSE_F=555.5 meV / A
2025-11-05 10:00:16.599 INFO: Epoch 906: loss=7.8036, RMSE_E_per_atom=5.3 meV, RMSE_F=556.7 meV / A
2025-11-05 10:00:30.011 INFO: Epoch 908: loss=7.8279, RMSE_E_per_atom=5.3 meV, RMSE_F=557.6 meV / A
2025-11-05 10:00:43.430 INFO: Epoch 910: loss=7.8375, RMSE_E_per_atom=5.3 meV, RMSE_F=557.9 meV / A
2025-11-05 10:00:56.845 INFO: Epoch 912: loss=7.8612, RMSE_E_per_atom=5.3 meV, RMSE_F=558.8 meV / A
2025-11-05 10:01:10.257 INFO: Epoch 914: loss=7.9095, RMSE_E_per_atom=5.2 meV, RMSE_F=560.5 meV / A
2025-11-05 10:01:23.672 INFO: Epoch 916: loss=7.9433, RMSE_E_per_atom=5.2 meV, RMSE_F=561.7 meV / A
2025-11-05 10:01:37.088 INFO: Epoch 918: loss=7.9695, RMSE_E_per_atom=5.1 meV, RMSE_F=562.7 meV / A
2025-11-05 10:01:50.506 INFO: Epoch 920: loss=7.9517, RMSE_E_per_atom=5.2 meV, RMSE_F=562.0 meV / A
2025-11-05 10:02:03.918 INFO: Epoch 922: loss=7.9425, RMSE_E_per_atom=5.2 meV, RMSE_F=561.7 meV / A
2025-11-05 10:02:17.342 INFO: Epoch 924: loss=7.9628, RMSE_E_per_atom=5.2 meV, RMSE_F=562.4 meV / A
2025-11-05 10:02:30.756 INFO: Epoch 926: loss=7.9613, RMSE_E_per_atom=5.1 meV, RMSE_F=562.4 meV / A
2025-11-05 10:02:44.168 INFO: Epoch 928: loss=7.9742, RMSE_E_per_atom=5.1 meV, RMSE_F=562.8 meV / A
2025-11-05 10:02:57.588 INFO: Epoch 930: loss=7.9645, RMSE_E_per_atom=5.2 meV, RMSE_F=562.5 meV / A
2025-11-05 10:03:11.004 INFO: Epoch 932: loss=7.9180, RMSE_E_per_atom=5.2 meV, RMSE_F=560.8 meV / A
2025-11-05 10:03:24.423 INFO: Epoch 934: loss=7.9577, RMSE_E_per_atom=5.2 meV, RMSE_F=562.3 meV / A
2025-11-05 10:03:37.859 INFO: Epoch 936: loss=7.8599, RMSE_E_per_atom=5.2 meV, RMSE_F=558.8 meV / A
2025-11-05 10:03:51.271 INFO: Epoch 938: loss=7.8135, RMSE_E_per_atom=5.3 meV, RMSE_F=557.1 meV / A
2025-11-05 10:04:04.688 INFO: Epoch 940: loss=7.8382, RMSE_E_per_atom=5.3 meV, RMSE_F=558.0 meV / A
2025-11-05 10:04:18.098 INFO: Epoch 942: loss=7.8312, RMSE_E_per_atom=5.1 meV, RMSE_F=557.7 meV / A
2025-11-05 10:04:31.509 INFO: Epoch 944: loss=7.8165, RMSE_E_per_atom=5.2 meV, RMSE_F=557.2 meV / A
2025-11-05 10:04:44.921 INFO: Epoch 946: loss=7.8352, RMSE_E_per_atom=5.2 meV, RMSE_F=557.9 meV / A
2025-11-05 10:04:58.331 INFO: Epoch 948: loss=7.8184, RMSE_E_per_atom=5.2 meV, RMSE_F=557.3 meV / A
2025-11-05 10:05:11.750 INFO: Epoch 950: loss=7.7802, RMSE_E_per_atom=5.1 meV, RMSE_F=555.9 meV / A
2025-11-05 10:05:25.171 INFO: Epoch 952: loss=7.7550, RMSE_E_per_atom=5.1 meV, RMSE_F=555.0 meV / A
2025-11-05 10:05:38.586 INFO: Epoch 954: loss=7.6915, RMSE_E_per_atom=5.1 meV, RMSE_F=552.7 meV / A
2025-11-05 10:05:51.996 INFO: Epoch 956: loss=7.7334, RMSE_E_per_atom=5.1 meV, RMSE_F=554.2 meV / A
2025-11-05 10:06:05.409 INFO: Epoch 958: loss=7.7529, RMSE_E_per_atom=5.1 meV, RMSE_F=554.9 meV / A
2025-11-05 10:06:18.817 INFO: Epoch 960: loss=7.7278, RMSE_E_per_atom=5.2 meV, RMSE_F=554.0 meV / A
2025-11-05 10:06:32.194 INFO: Epoch 962: loss=7.7263, RMSE_E_per_atom=5.3 meV, RMSE_F=554.0 meV / A
2025-11-05 10:06:45.546 INFO: Epoch 964: loss=7.6903, RMSE_E_per_atom=5.3 meV, RMSE_F=552.7 meV / A
2025-11-05 10:06:58.901 INFO: Epoch 966: loss=7.7281, RMSE_E_per_atom=5.1 meV, RMSE_F=554.0 meV / A
2025-11-05 10:07:12.255 INFO: Epoch 968: loss=7.7094, RMSE_E_per_atom=5.2 meV, RMSE_F=553.4 meV / A
2025-11-05 10:07:25.605 INFO: Epoch 970: loss=7.7466, RMSE_E_per_atom=5.2 meV, RMSE_F=554.7 meV / A
2025-11-05 10:07:38.964 INFO: Epoch 972: loss=7.7792, RMSE_E_per_atom=5.2 meV, RMSE_F=555.9 meV / A
2025-11-05 10:07:52.319 INFO: Epoch 974: loss=7.7883, RMSE_E_per_atom=5.3 meV, RMSE_F=556.2 meV / A
2025-11-05 10:08:05.668 INFO: Epoch 976: loss=7.7867, RMSE_E_per_atom=5.5 meV, RMSE_F=556.1 meV / A
2025-11-05 10:08:19.020 INFO: Epoch 978: loss=7.8111, RMSE_E_per_atom=5.4 meV, RMSE_F=557.0 meV / A
2025-11-05 10:08:32.374 INFO: Epoch 980: loss=7.8248, RMSE_E_per_atom=5.4 meV, RMSE_F=557.5 meV / A
2025-11-05 10:08:45.719 INFO: Epoch 982: loss=7.8216, RMSE_E_per_atom=5.3 meV, RMSE_F=557.4 meV / A
2025-11-05 10:08:59.072 INFO: Epoch 984: loss=7.8157, RMSE_E_per_atom=5.3 meV, RMSE_F=557.2 meV / A
2025-11-05 10:09:12.496 INFO: Epoch 986: loss=7.8352, RMSE_E_per_atom=5.3 meV, RMSE_F=557.9 meV / A
2025-11-05 10:09:25.842 INFO: Epoch 988: loss=7.8264, RMSE_E_per_atom=5.3 meV, RMSE_F=557.6 meV / A
2025-11-05 10:09:39.210 INFO: Epoch 990: loss=7.8190, RMSE_E_per_atom=5.2 meV, RMSE_F=557.3 meV / A
2025-11-05 10:09:52.569 INFO: Epoch 992: loss=7.8591, RMSE_E_per_atom=5.2 meV, RMSE_F=558.8 meV / A
2025-11-05 10:10:05.911 INFO: Epoch 994: loss=7.8421, RMSE_E_per_atom=5.2 meV, RMSE_F=558.1 meV / A
2025-11-05 10:10:19.268 INFO: Epoch 996: loss=7.8278, RMSE_E_per_atom=5.1 meV, RMSE_F=557.6 meV / A
2025-11-05 10:10:32.624 INFO: Epoch 998: loss=7.8463, RMSE_E_per_atom=5.1 meV, RMSE_F=558.3 meV / A
2025-11-05 10:10:39.153 INFO: Training complete
2025-11-05 10:10:39.153 INFO: Computing metrics for training, validation, and test sets
2025-11-05 10:10:39.591 INFO: Loading checkpoint: checkpoints/MACE_model_run-111_epoch-168_swa.pt
2025-11-05 10:10:40.082 INFO: Loaded model from epoch 168
2025-11-05 10:10:40.083 INFO: Evaluating train ...
2025-11-05 10:10:42.287 INFO: Evaluating valid ...
2025-11-05 10:10:42.625 INFO: Evaluating Default ...
2025-11-05 10:10:42.940 INFO: 
+-------------+---------------------+------------------+-------------------+
| config_type | RMSE E / meV / atom | RMSE F / meV / A | relative F RMSE % |
+-------------+---------------------+------------------+-------------------+
|    train    |         3.4         |      195.3       |        3.41       |
|    valid    |         8.4         |      383.0       |       13.03       |
|   Default   |         4.2         |      332.0       |        5.07       |
+-------------+---------------------+------------------+-------------------+
2025-11-05 10:10:42.940 INFO: Saving model to checkpoints/MACE_model_run-111_swa.model
2025-11-05 10:10:43.029 INFO: Compiling model, saving metadata MACE_model_swa_compiled.model
2025-11-05 10:10:43.623 INFO: Loading checkpoint: checkpoints/MACE_model_run-111_epoch-168_swa.pt
2025-11-05 10:10:43.655 INFO: Loaded model from epoch 168
2025-11-05 10:10:43.656 INFO: Evaluating train ...
2025-11-05 10:10:45.831 INFO: Evaluating valid ...
2025-11-05 10:10:46.146 INFO: Evaluating Default ...
2025-11-05 10:10:46.458 INFO: 
+-------------+---------------------+------------------+-------------------+
| config_type | RMSE E / meV / atom | RMSE F / meV / A | relative F RMSE % |
+-------------+---------------------+------------------+-------------------+
|    train    |         3.4         |      195.3       |        3.41       |
|    valid    |         8.4         |      383.0       |       13.03       |
|   Default   |         4.2         |      332.0       |        5.07       |
+-------------+---------------------+------------------+-------------------+
2025-11-05 10:10:46.458 INFO: Saving model to checkpoints/MACE_model_run-111_swa.model
2025-11-05 10:10:46.552 INFO: Compiling model, saving metadata MACE_model_swa_compiled.model
2025-11-05 10:10:47.066 INFO: Done
