
-----------------------------   Welcome to ....   ------------------------------
                      _______  _______ _______ _______ 
                     |   _   \|   _   |   _   |   _   |
                     |.  1   /|.  |   |   1___|   1___|
                     |.  _   \|.  |   |____   |____   |
                     |:  1    |:  1   |:  1   |:  1   |
                     |::.. .  |::.. . |::.. . |::.. . |
                     `-------'`-------`-------`-------'

                                 Version 1.13.0                                 
                              01-11-2025 20:37:41                               
--------------------------------------------------------------------------------


--------------------------------------------------------------------------------
                               SIMULATION OPTIONS                               
--------------------------------------------------------------------------------
|| File input/output 
ipfile         boss.in
userfn         /scratch/phys/sin/Nian_Wu/active_both_au_nacl_latest_version/active_MLIP_nacl_au/step1_boss_generate_iter0/bayessian_boss_multi_task.py function_to_optimize
outfile        boss.out
rstfile        boss.rst

|| Key settings 
bounds         5.000E-01 4.500E+00;    -1.410E+01 1.410E+01;    -1.974E+01 1.974E+01;    -1.800E+02 1.800E+02;    -1.800E+02 1.800E+02;    -1.800E+02 1.800E+02;    -1.800E+02 1.800E+02;    -1.800E+02 1.800E+02
kerntype       rbf rbf rbf rbf rbf rbf rbf rbf
yrange         none
noise          1.000E-12
inittype       sobol
initpts   10    iterpts   40
convtype         none

|| Data acquisition 
acqfn                elcb
acqtol               1.000E-03

|| GP hyperparameters 
thetainit      none
thetabounds     none
thetaprior      gamma
thetapriorpar   none

|| Hyperparameter optimization
optimtype      score
noise_optim      False
updatefreq   1  initupdate      True
updateoffset 0  updaterestarts  2


|| Miscellaneous

|| Postprocessing
pp_iters          = None (all iterations will be used if postprocessing is called)
pp_models         = False
pp_acq_funcs      = False
pp_truef_npts     = none
pp_model_slice        = 1 2 25
pp_truef_at_glmins = False
pp_local_minima   = none


--------------------------------------------------------------------------------
                              INITIAL DATAPOINT 1                               
--------------------------------------------------------------------------------
| Evaluating objective function at x = 5.000E-01 -1.410E+01 -1.974E+01 -1.800E+02 -1.800E+02 -1.800E+02 -1.800E+02 -1.800E+02
| Objective function evaluated, time [s] 11.42868685722351
| Data point added to dataset (x y): 
  5.0000000000E-01 -1.4100000000E+01 -1.9740000000E+01 -1.8000000000E+02 -1.8000000000E+02 -1.8000000000E+02 -1.8000000000E+02 -1.8000000000E+02      -2.3190284572E+03

| Total ensemble size: 1

Iteration time [s]:   11.434        Total time [s]:   11.476

--------------------------------------------------------------------------------
                              INITIAL DATAPOINT 2                               
--------------------------------------------------------------------------------
| Evaluating objective function at x = 2.500E+00 0.000E+00 0.000E+00 0.000E+00 0.000E+00 0.000E+00 0.000E+00 0.000E+00
| Objective function evaluated, time [s] 0.7403073310852051
| Data point added to dataset (x y): 
  2.5000000000E+00  0.0000000000E+00  0.0000000000E+00  0.0000000000E+00  0.0000000000E+00  0.0000000000E+00  0.0000000000E+00  0.0000000000E+00      -2.3462879182E+03

| Total ensemble size: 2

Iteration time [s]:    0.745        Total time [s]:   12.222

--------------------------------------------------------------------------------
                              INITIAL DATAPOINT 3                               
--------------------------------------------------------------------------------
| Evaluating objective function at x = 3.500E+00 -7.050E+00 -9.870E+00 -9.000E+01 9.000E+01 9.000E+01 -9.000E+01 9.000E+01
| Objective function evaluated, time [s] 4.480620861053467
| Data point added to dataset (x y): 
  3.5000000000E+00 -7.0500000000E+00 -9.8700000000E+00 -9.0000000000E+01  9.0000000000E+01  9.0000000000E+01 -9.0000000000E+01  9.0000000000E+01      -1.9605447452E+03

| Total ensemble size: 3

Iteration time [s]:    4.486        Total time [s]:   16.709

--------------------------------------------------------------------------------
                              INITIAL DATAPOINT 4                               
--------------------------------------------------------------------------------
| Evaluating objective function at x = 1.500E+00 7.050E+00 9.870E+00 9.000E+01 -9.000E+01 -9.000E+01 9.000E+01 -9.000E+01
| Objective function evaluated, time [s] 0.9137344360351562
| Data point added to dataset (x y): 
  1.5000000000E+00  7.0500000000E+00  9.8700000000E+00  9.0000000000E+01 -9.0000000000E+01 -9.0000000000E+01  9.0000000000E+01 -9.0000000000E+01      -1.9452825988E+03

| Total ensemble size: 4

Iteration time [s]:    0.919        Total time [s]:   17.628

--------------------------------------------------------------------------------
                              INITIAL DATAPOINT 5                               
--------------------------------------------------------------------------------
| Evaluating objective function at x = 2.000E+00 -3.525E+00 4.935E+00 1.350E+02 -4.500E+01 -1.350E+02 -4.500E+01 1.350E+02
| Objective function evaluated, time [s] 1.1990318298339844
| Data point added to dataset (x y): 
  2.0000000000E+00 -3.5250000000E+00  4.9350000000E+00  1.3500000000E+02 -4.5000000000E+01 -1.3500000000E+02 -4.5000000000E+01  1.3500000000E+02      -2.3395090281E+03

| Total ensemble size: 5

Iteration time [s]:    1.204        Total time [s]:   18.834

--------------------------------------------------------------------------------
                              INITIAL DATAPOINT 6                               
--------------------------------------------------------------------------------
| Evaluating objective function at x = 4.000E+00 1.058E+01 -1.480E+01 -4.500E+01 1.350E+02 4.500E+01 1.350E+02 -4.500E+01
| Objective function evaluated, time [s] 0.3527522087097168
| Data point added to dataset (x y): 
  4.0000000000E+00  1.0575000000E+01 -1.4805000000E+01 -4.5000000000E+01  1.3500000000E+02  4.5000000000E+01  1.3500000000E+02 -4.5000000000E+01      -2.3397144045E+03

| Total ensemble size: 6

Iteration time [s]:    0.358        Total time [s]:   19.192

--------------------------------------------------------------------------------
                              INITIAL DATAPOINT 7                               
--------------------------------------------------------------------------------
| Evaluating objective function at x = 3.000E+00 -1.057E+01 1.480E+01 4.500E+01 4.500E+01 1.350E+02 -1.350E+02 -1.350E+02
| Objective function evaluated, time [s] 0.3527662754058838
| Data point added to dataset (x y): 
  3.0000000000E+00 -1.0575000000E+01  1.4805000000E+01  4.5000000000E+01  4.5000000000E+01  1.3500000000E+02 -1.3500000000E+02 -1.3500000000E+02      -2.3398298311E+03

| Total ensemble size: 7

Iteration time [s]:    0.357        Total time [s]:   19.551

--------------------------------------------------------------------------------
                              INITIAL DATAPOINT 8                               
--------------------------------------------------------------------------------
| Evaluating objective function at x = 1.000E+00 3.525E+00 -4.935E+00 -1.350E+02 -1.350E+02 -4.500E+01 4.500E+01 4.500E+01
| Objective function evaluated, time [s] 0.3515644073486328
| Data point added to dataset (x y): 
  1.0000000000E+00  3.5250000000E+00 -4.9350000000E+00 -1.3500000000E+02 -1.3500000000E+02 -4.5000000000E+01  4.5000000000E+01  4.5000000000E+01      -2.3331094345E+03

| Total ensemble size: 8

Iteration time [s]:    0.356        Total time [s]:   19.908

--------------------------------------------------------------------------------
                              INITIAL DATAPOINT 9                               
--------------------------------------------------------------------------------
| Evaluating objective function at x = 1.250E+00 -5.287E+00 1.727E+01 -2.250E+01 2.250E+01 -6.750E+01 -2.250E+01 1.575E+02
| Objective function evaluated, time [s] 0.3557853698730469
| Data point added to dataset (x y): 
  1.2500000000E+00 -5.2875000000E+00  1.7272500000E+01 -2.2500000000E+01  2.2500000000E+01 -6.7500000000E+01 -2.2500000000E+01  1.5750000000E+02      -2.3404116622E+03

| Total ensemble size: 9

Iteration time [s]:    0.360        Total time [s]:   20.269

--------------------------------------------------------------------------------
                              INITIAL DATAPOINT 10                              
--------------------------------------------------------------------------------
| Evaluating objective function at x = 3.250E+00 8.812E+00 -2.468E+00 1.575E+02 -1.575E+02 1.125E+02 1.575E+02 -2.250E+01
| Objective function evaluated, time [s] 0.34768247604370117
| Data point added to dataset (x y): 
  3.2500000000E+00  8.8125000000E+00 -2.4675000000E+00  1.5750000000E+02 -1.5750000000E+02  1.1250000000E+02  1.5750000000E+02 -2.2500000000E+01      -2.3461976348E+03

| Total ensemble size: 10
| Best acquisition, x_best y_best:
  2.5000000000E+00  0.0000000000E+00  0.0000000000E+00  0.0000000000E+00  0.0000000000E+00  0.0000000000E+00  0.0000000000E+00  0.0000000000E+00      -2.3462879182E+03
| Global minimum prediction, x_glmin mu_glmin +- nu_glmin:
  2.5000000000E+00  0.0000000000E+00  0.0000000000E+00  0.0000000000E+00  0.0000000000E+00  0.0000000000E+00  0.0000000000E+00  0.0000000000E+00      -2.3462879182E+03  1.0001803741E-08

| GP model hyperparameters:
  2.3110860495E+04  7.6446009741E-01  3.1176628460E+00  3.9547086495E+00  3.1818961832E+01  3.1760701830E+01  3.1799530415E+01  3.1743838960E+01  3.1691145833E+01
| Next sampling location x_next:
  2.9943913481E+00  6.9534503052E-02 -5.5621239857E+00 -1.3784329556E+01  8.5764650727E+00  7.2496824534E+00  1.0436337625E+01  3.2771205472E+01

Iteration time [s]:    6.954        Total time [s]:   27.223

--------------------------------------------------------------------------------
                                 BO ITERATION 1                                 
--------------------------------------------------------------------------------
| Evaluating objective function at x = 2.994E+00 6.953E-02 -5.562E+00 -1.378E+01 8.576E+00 7.250E+00 1.044E+01 3.277E+01
| Objective function evaluated, time [s] 0.35569286346435547
| Data point added to dataset (x y): 
  2.9943913481E+00  6.9534503052E-02 -5.5621239857E+00 -1.3784329556E+01  8.5764650727E+00  7.2496824534E+00  1.0436337625E+01  3.2771205472E+01      -2.3463075727E+03

| Total ensemble size: 11
| Best acquisition, x_best y_best:
  2.9943913481E+00  6.9534503052E-02 -5.5621239857E+00 -1.3784329556E+01  8.5764650727E+00  7.2496824534E+00  1.0436337625E+01  3.2771205472E+01      -2.3463075727E+03
| Global minimum prediction, x_glmin mu_glmin +- nu_glmin:
  2.7474323604E+00  3.4728575045E-02 -2.7835177272E+00 -6.8815167011E+00  4.3030405101E+00  3.6413582850E+00  5.2272272113E+00  1.6405255106E+01      -2.3553716552E+03  5.7310657186E+03
| Global minimum convergence, dx_glmin dmu_glmin:
  1.9580541849E+01  2.2651299979E-02

| GP model hyperparameters:
  2.3110824569E+04  7.8073639465E-01  3.1173156173E+00  4.5283335900E+00  3.2471169330E+01  3.2042694881E+01  3.1963911084E+01  3.2174681407E+01  3.5619030688E+01
| Next sampling location x_next:
  3.4397389560E+00 -3.6003096235E-01 -6.1319387230E+00  1.2242187610E+01 -1.4614967671E+01 -1.6406054371E+01 -6.3547308677E+00 -1.4611186452E+01

Iteration time [s]:    5.051        Total time [s]:   32.276

--------------------------------------------------------------------------------
                                 BO ITERATION 2                                 
--------------------------------------------------------------------------------
| Evaluating objective function at x = 3.440E+00 -3.600E-01 -6.132E+00 1.224E+01 -1.461E+01 -1.641E+01 -6.355E+00 -1.461E+01
| Objective function evaluated, time [s] 0.3311421871185303
| Data point added to dataset (x y): 
  3.4397389560E+00 -3.6003096235E-01 -6.1319387230E+00  1.2242187610E+01 -1.4614967671E+01 -1.6406054371E+01 -6.3547308677E+00 -1.4611186452E+01      -2.3462945094E+03

| Total ensemble size: 12
| Best acquisition, x_best y_best:
  2.9943913481E+00  6.9534503052E-02 -5.5621239857E+00 -1.3784329556E+01  8.5764650727E+00  7.2496824534E+00  1.0436337625E+01  3.2771205472E+01      -2.3463075727E+03
| Global minimum prediction, x_glmin mu_glmin +- nu_glmin:
  2.9592285530E+00 -8.5679459126E-02 -3.8101786764E+00 -1.0627818540E+00 -1.4768671456E+00 -2.4881503989E+00  1.6927031898E+00  6.9512679550E+00      -2.3634886427E+03  6.4507593666E+03
| Global minimum convergence, dx_glmin dmu_glmin:
  1.4415963581E+01  2.0240603685E-02

| GP model hyperparameters:
  2.3110740916E+04  8.1355295046E-01  3.1214352530E+00  4.8286847160E+00  3.4193810282E+01  3.3671554799E+01  3.3773877789E+01  3.2879590875E+01  3.8942273919E+01
| Next sampling location x_next:
  2.3843150453E+00  1.0321470296E+01 -8.0553031763E+00  1.4216218730E+02 -1.4678074838E+02  1.3703171784E+02  1.5245700811E+02 -5.6212630926E+01

Iteration time [s]:    5.022        Total time [s]:   37.299

--------------------------------------------------------------------------------
                                 BO ITERATION 3                                 
--------------------------------------------------------------------------------
| Evaluating objective function at x = 2.384E+00 1.032E+01 -8.055E+00 1.422E+02 -1.468E+02 1.370E+02 1.525E+02 -5.621E+01
| Objective function evaluated, time [s] 0.3521261215209961
| Data point added to dataset (x y): 
  2.3843150453E+00  1.0321470296E+01 -8.0553031763E+00  1.4216218730E+02 -1.4678074838E+02  1.3703171784E+02  1.5245700811E+02 -5.6212630926E+01      -2.3440691800E+03

| Total ensemble size: 13
| Best acquisition, x_best y_best:
  2.9943913481E+00  6.9534503052E-02 -5.5621239857E+00 -1.3784329556E+01  8.5764650727E+00  7.2496824534E+00  1.0436337625E+01  3.2771205472E+01      -2.3463075727E+03
| Global minimum prediction, x_glmin mu_glmin +- nu_glmin:
  2.9691981720E+00 -9.1730778290E-02 -3.8558799801E+00 -7.6493789490E-01 -1.7632749957E+00 -2.7998385409E+00  1.5145095879E+00  6.4567318942E+00      -2.3627527680E+03  4.4652350380E+03
| Global minimum convergence, dx_glmin dmu_glmin:
  7.3921138695E-01  1.8349848614E-03

| GP model hyperparameters:
  1.8826882147E+04  8.4749799461E-01  3.1537596801E+00  5.2257334075E+00  3.5197067043E+01  3.4275356614E+01  3.5194610445E+01  3.3292822384E+01  4.1554759095E+01
| Next sampling location x_next:
  3.0750904033E+00  4.8044167976E+00 -4.4393763309E+00  1.7501250687E+01 -6.8241121514E+00  8.3334688274E+00  2.1797159018E+01 -6.1479056783E+00

Iteration time [s]:    6.322        Total time [s]:   43.623

--------------------------------------------------------------------------------
                                 BO ITERATION 4                                 
--------------------------------------------------------------------------------
| Evaluating objective function at x = 3.075E+00 4.804E+00 -4.439E+00 1.750E+01 -6.824E+00 8.333E+00 2.180E+01 -6.148E+00
| Objective function evaluated, time [s] 0.3081495761871338
| Data point added to dataset (x y): 
  3.0750904033E+00  4.8044167976E+00 -4.4393763309E+00  1.7501250687E+01 -6.8241121514E+00  8.3334688274E+00  2.1797159018E+01 -6.1479056783E+00      -2.3462928091E+03

| Total ensemble size: 14
| Best acquisition, x_best y_best:
  2.9943913481E+00  6.9534503052E-02 -5.5621239857E+00 -1.3784329556E+01  8.5764650727E+00  7.2496824534E+00  1.0436337625E+01  3.2771205472E+01      -2.3463075727E+03
| Global minimum prediction, x_glmin mu_glmin +- nu_glmin:
  3.0059613853E+00  1.1198981685E+00 -4.0503571512E+00  4.0707643648E+00 -3.3203416491E+00 -3.4478621461E-01  6.3692284663E+00  2.8341488074E+00      -2.3680890004E+03  4.7415989879E+03
| Global minimum convergence, dx_glmin dmu_glmin:
  8.3686543751E+00  1.3306483919E-02

| GP model hyperparameters:
  1.8826822785E+04  8.5251268189E-01  3.7478190078E+00  5.2689397339E+00  3.6517900864E+01  3.4561848644E+01  3.6097353592E+01  3.5427449444E+01  4.2355347015E+01
| Next sampling location x_next:
  3.9461144140E+00  1.8813443962E+00  6.1438673711E-01 -2.7544835812E+01 -1.1799653803E+01 -1.2363741593E+01  2.5583382072E+01 -1.2641404137E+00

Iteration time [s]:    5.559        Total time [s]:   49.183

--------------------------------------------------------------------------------
                                 BO ITERATION 5                                 
--------------------------------------------------------------------------------
| Evaluating objective function at x = 3.946E+00 1.881E+00 6.144E-01 -2.754E+01 -1.180E+01 -1.236E+01 2.558E+01 -1.264E+00
| Objective function evaluated, time [s] 0.5790450572967529
| Data point added to dataset (x y): 
  3.9461144140E+00  1.8813443962E+00  6.1438673711E-01 -2.7544835812E+01 -1.1799653803E+01 -1.2363741593E+01  2.5583382072E+01 -1.2641404137E+00      -2.3460464001E+03

| Total ensemble size: 15
| Best acquisition, x_best y_best:
  2.9943913481E+00  6.9534503052E-02 -5.5621239857E+00 -1.3784329556E+01  8.5764650727E+00  7.2496824534E+00  1.0436337625E+01  3.2771205472E+01      -2.3463075727E+03
| Global minimum prediction, x_glmin mu_glmin +- nu_glmin:
  3.1974517849E+00  1.3341646032E+00 -3.1758514498E+00 -1.7669614968E+00 -5.1661267940E+00 -2.6670585162E+00  1.0363598154E+01  1.7047696817E+00      -2.3710320376E+03  4.1769789787E+03
| Global minimum convergence, dx_glmin dmu_glmin:
  7.8074797465E+00  7.3387878856E-03

| GP model hyperparameters:
  1.7239954671E+04  9.1275905982E-01  3.8622009709E+00  5.7737798230E+00  4.0128145766E+01  3.5384349184E+01  3.7375533342E+01  3.7120878482E+01  4.4187529443E+01
| Next sampling location x_next:
  3.6373098387E+00  3.9478740698E+00 -3.8352788471E-01  5.5731989336E+00 -1.7090024128E+01 -5.6006884001E+00 -3.1982792493E+01  4.2404036580E+01

Iteration time [s]:    7.577        Total time [s]:   56.762

--------------------------------------------------------------------------------
                                 BO ITERATION 6                                 
--------------------------------------------------------------------------------
| Evaluating objective function at x = 3.637E+00 3.948E+00 -3.835E-01 5.573E+00 -1.709E+01 -5.601E+00 -3.198E+01 4.240E+01
| Objective function evaluated, time [s] 0.31336379051208496
| Data point added to dataset (x y): 
  3.6373098387E+00  3.9478740698E+00 -3.8352788471E-01  5.5731989336E+00 -1.7090024128E+01 -5.6006884001E+00 -3.1982792493E+01  4.2404036580E+01      -2.3462889787E+03

| Total ensemble size: 16
| Best acquisition, x_best y_best:
  2.9943913481E+00  6.9534503052E-02 -5.5621239857E+00 -1.3784329556E+01  8.5764650727E+00  7.2496824534E+00  1.0436337625E+01  3.2771205472E+01      -2.3463075727E+03
| Global minimum prediction, x_glmin mu_glmin +- nu_glmin:
  3.2965662770E+00  1.8416317904E+00 -2.5662677158E+00 -9.9300972649E-01 -7.5497971761E+00 -3.4355901461E+00  3.2363076448E+00  8.7577313577E+00      -2.3730014367E+03  3.9417922338E+03
| Global minimum convergence, dx_glmin dmu_glmin:
  1.0394854692E+01  4.9109140004E-03

| GP model hyperparameters:
  1.7239812921E+04  9.3945434387E-01  4.0831388648E+00  6.0740508368E+00  4.1828453237E+01  3.6424896255E+01  3.8417534865E+01  4.3066196900E+01  4.8595904528E+01
| Next sampling location x_next:
  3.2988161464E+00  4.5329947849E-01 -2.1059686740E+00 -5.8585362484E+00 -6.0927513044E+01  3.4375544244E+01  9.3453374140E+00  1.9753024570E+01

Iteration time [s]:    7.166        Total time [s]:   63.929

--------------------------------------------------------------------------------
                                 BO ITERATION 7                                 
--------------------------------------------------------------------------------
| Evaluating objective function at x = 3.299E+00 4.533E-01 -2.106E+00 -5.859E+00 -6.093E+01 3.438E+01 9.345E+00 1.975E+01
| Objective function evaluated, time [s] 0.31314992904663086
| Data point added to dataset (x y): 
  3.2988161464E+00  4.5329947849E-01 -2.1059686740E+00 -5.8585362484E+00 -6.0927513044E+01  3.4375544244E+01  9.3453374140E+00  1.9753024570E+01      -2.3289093133E+03

| Total ensemble size: 17
| Best acquisition, x_best y_best:
  2.9943913481E+00  6.9534503052E-02 -5.5621239857E+00 -1.3784329556E+01  8.5764650727E+00  7.2496824534E+00  1.0436337625E+01  3.2771205472E+01      -2.3463075727E+03
| Global minimum prediction, x_glmin mu_glmin +- nu_glmin:
  3.3113291808E+00  1.8343980874E+00 -2.4201937444E+00 -1.2903911736E+00 -1.0807674406E+01 -1.5906612988E+00  3.1336223780E+00  9.6135544600E+00      -2.3718674819E+03  2.9334404536E+03
| Global minimum convergence, dx_glmin dmu_glmin:
  3.8562348920E+00  2.8276414937E-03

| GP model hyperparameters:
  1.5454288448E+04  9.7158924439E-01  4.2675152988E+00  6.3732370281E+00  4.3487198742E+01  4.3961991881E+01  4.2681377276E+01  4.5072725580E+01  5.1437962116E+01
| Next sampling location x_next:
  4.1258942393E+00 -4.1163174441E-01  1.2735344288E+00  4.1611837171E+01  1.8362311574E+01  3.2985223012E+01  1.0155661812E+01  1.5104900567E+01

Iteration time [s]:    9.791        Total time [s]:   73.721

--------------------------------------------------------------------------------
                                 BO ITERATION 8                                 
--------------------------------------------------------------------------------
| Evaluating objective function at x = 4.126E+00 -4.116E-01 1.274E+00 4.161E+01 1.836E+01 3.299E+01 1.016E+01 1.510E+01
| Objective function evaluated, time [s] 0.326047420501709
| Data point added to dataset (x y): 
  4.1258942393E+00 -4.1163174441E-01  1.2735344288E+00  4.1611837171E+01  1.8362311574E+01  3.2985223012E+01  1.0155661812E+01  1.5104900567E+01      -2.3439022474E+03

| Total ensemble size: 18
| Best acquisition, x_best y_best:
  2.9943913481E+00  6.9534503052E-02 -5.5621239857E+00 -1.3784329556E+01  8.5764650727E+00  7.2496824534E+00  1.0436337625E+01  3.2771205472E+01      -2.3463075727E+03
| Global minimum prediction, x_glmin mu_glmin +- nu_glmin:
  3.4381222829E+00  1.5843353312E+00 -1.8083542375E+00  4.9722237248E+00 -6.0175789677E+00  2.7270209506E+00  3.6106164134E+00  1.0650130351E+01      -2.3713982923E+03  2.6504053917E+03
| Global minimum convergence, dx_glmin dmu_glmin:
  9.0864023695E+00  1.1699759367E-03

| GP model hyperparameters:
  1.4558710889E+04  1.0215040844E+00  4.4921424544E+00  6.7775933890E+00  4.7877384965E+01  4.7617775313E+01  4.6364348952E+01  4.7088603798E+01  5.4151454850E+01
| Next sampling location x_next:
  3.3757818947E+00  3.5615551838E-01  2.5659887340E-01  4.9650182534E+01 -2.2022753800E+01 -3.7906853873E+01  4.3640601740E+01  5.8939453962E+01

Iteration time [s]:    7.592        Total time [s]:   81.320

--------------------------------------------------------------------------------
                                 BO ITERATION 9                                 
--------------------------------------------------------------------------------
| Evaluating objective function at x = 3.376E+00 3.562E-01 2.566E-01 4.965E+01 -2.202E+01 -3.791E+01 4.364E+01 5.894E+01
| Objective function evaluated, time [s] 0.31060123443603516
| Data point added to dataset (x y): 
  3.3757818947E+00  3.5615551838E-01  2.5659887340E-01  4.9650182534E+01 -2.2022753800E+01 -3.7906853873E+01  4.3640601740E+01  5.8939453962E+01      -2.3410139760E+03

| Total ensemble size: 19
| Best acquisition, x_best y_best:
  2.9943913481E+00  6.9534503052E-02 -5.5621239857E+00 -1.3784329556E+01  8.5764650727E+00  7.2496824534E+00  1.0436337625E+01  3.2771205472E+01      -2.3463075727E+03
| Global minimum prediction, x_glmin mu_glmin +- nu_glmin:
  3.4472128725E+00  1.4242729701E+00 -1.4121434273E+00  1.1705335949E+01 -6.2471263644E+00 -2.0545113365E+00  8.3447821109E+00  1.6673835750E+01      -2.3703313520E+03  2.3799924047E+03
| Global minimum convergence, dx_glmin dmu_glmin:
  1.1275219751E+01  2.6605334432E-03

| GP model hyperparameters:
  1.3941756474E+04  1.0606092131E+00  4.7248581145E+00  7.1722291686E+00  5.2847072874E+01  5.0772685462E+01  5.1244995643E+01  5.1882962490E+01  5.9226502506E+01
| Next sampling location x_next:
  3.0816105911E+00  4.7768768870E+00  6.9876565816E+00  1.6700516877E+00  1.7888386809E+01  3.1334902418E+01  4.9036468675E+01  8.1524903742E+01

Iteration time [s]:    7.830        Total time [s]:   89.151

--------------------------------------------------------------------------------
                                BO ITERATION 10                                 
--------------------------------------------------------------------------------
| Evaluating objective function at x = 3.082E+00 4.777E+00 6.988E+00 1.670E+00 1.789E+01 3.133E+01 4.904E+01 8.152E+01
| Objective function evaluated, time [s] 0.31340670585632324
| Data point added to dataset (x y): 
  3.0816105911E+00  4.7768768870E+00  6.9876565816E+00  1.6700516877E+00  1.7888386809E+01  3.1334902418E+01  4.9036468675E+01  8.1524903742E+01      -2.3463152312E+03

| Total ensemble size: 20
| Best acquisition, x_best y_best:
  3.0816105911E+00  4.7768768870E+00  6.9876565816E+00  1.6700516877E+00  1.7888386809E+01  3.1334902418E+01  4.9036468675E+01  8.1524903742E+01      -2.3463152312E+03
| Global minimum prediction, x_glmin mu_glmin +- nu_glmin:
  3.4194795698E+00  1.7387401096E+00 -4.0474247036E-01  1.2091851051E+01 -2.5652927367E+00  6.2832427450E-01  1.3170923361E+01  2.4189186004E+01      -2.3685899646E+03  2.3876902872E+03
| Global minimum convergence, dx_glmin dmu_glmin:
  1.0089080430E+01  4.3422584500E-03

| GP model hyperparameters:
  1.3941450088E+04  1.0995534828E+00  4.9986976874E+00  7.7818003650E+00  5.5782618095E+01  5.3529226798E+01  5.4595974010E+01  5.5783550233E+01  6.4339426418E+01
| Next sampling location x_next:
  3.2735654545E+00 -3.0859574917E+00  1.0719409527E+01 -1.0045131651E+01  2.2795064538E+01 -2.6989509729E+01 -8.3480090141E+00  1.0235742412E+02

Iteration time [s]:    7.634        Total time [s]:   96.786

--------------------------------------------------------------------------------
                                BO ITERATION 11                                 
--------------------------------------------------------------------------------
| Evaluating objective function at x = 3.274E+00 -3.086E+00 1.072E+01 -1.005E+01 2.280E+01 -2.699E+01 -8.348E+00 1.024E+02
| Objective function evaluated, time [s] 0.3061716556549072
| Data point added to dataset (x y): 
  3.2735654545E+00 -3.0859574917E+00  1.0719409527E+01 -1.0045131651E+01  2.2795064538E+01 -2.6989509729E+01 -8.3480090141E+00  1.0235742412E+02      -2.3462208580E+03

| Total ensemble size: 21
| Best acquisition, x_best y_best:
  3.0816105911E+00  4.7768768870E+00  6.9876565816E+00  1.6700516877E+00  1.7888386809E+01  3.1334902418E+01  4.9036468675E+01  8.1524903742E+01      -2.3463152312E+03
| Global minimum prediction, x_glmin mu_glmin +- nu_glmin:
  3.3999206562E+00  1.5085815674E+00  1.0567080626E+00  1.0497849304E+01  2.8687153924E+00 -9.0342419103E-01  1.4190341344E+01  3.5026769881E+01      -2.3661042970E+03  2.0674351774E+03
| Global minimum convergence, dx_glmin dmu_glmin:
  1.2453801418E+01  6.1981680445E-03

| GP model hyperparameters:
  1.2877971892E+04  1.1877983935E+00  5.6233968839E+00  8.8797100100E+00  6.0980686385E+01  5.8537591463E+01  6.1067093448E+01  6.1834261167E+01  7.2838053740E+01
| Next sampling location x_next:
  1.6116480095E+00  2.0850218400E+00  6.8195163675E+00  6.2148525031E+01  5.7906219254E+00 -3.9352631843E+01 -2.6692414300E+01  1.4355063496E+02

Iteration time [s]:    9.700        Total time [s]:  106.488

--------------------------------------------------------------------------------
                                BO ITERATION 12                                 
--------------------------------------------------------------------------------
| Evaluating objective function at x = 1.612E+00 2.085E+00 6.820E+00 6.215E+01 5.791E+00 -3.935E+01 -2.669E+01 1.436E+02
| Objective function evaluated, time [s] 0.3253288269042969
| Data point added to dataset (x y): 
  1.6116480095E+00  2.0850218400E+00  6.8195163675E+00  6.2148525031E+01  5.7906219254E+00 -3.9352631843E+01 -2.6692414300E+01  1.4355063496E+02      -2.3257716822E+03

| Total ensemble size: 22
| Best acquisition, x_best y_best:
  3.0816105911E+00  4.7768768870E+00  6.9876565816E+00  1.6700516877E+00  1.7888386809E+01  3.1334902418E+01  4.9036468675E+01  8.1524903742E+01      -2.3463152312E+03
| Global minimum prediction, x_glmin mu_glmin +- nu_glmin:
  3.3713189845E+00  1.5092168567E+00  1.4019915057E+00  1.0475738445E+01  5.2586492351E+00 -1.8918921343E+00  1.4333349977E+01  3.9047863606E+01      -2.3644715607E+03  1.7910923452E+03
| Global minimum convergence, dx_glmin dmu_glmin:
  4.7957300655E+00  4.0713302964E-03

| GP model hyperparameters:
  1.2877295966E+04  1.2512151794E+00  6.0224802823E+00  9.5255601485E+00  6.5950522861E+01  6.1658300310E+01  6.5283887495E+01  6.5566434369E+01  7.8194954136E+01
| Next sampling location x_next:
  2.1856733194E+00 -5.4641633637E+00  1.9688247543E+00 -1.3884702139E+01 -3.9723020894E+01 -1.2389256449E+02 -4.1036326452E+01  9.4690482742E+01

Iteration time [s]:    7.873        Total time [s]:  114.363

--------------------------------------------------------------------------------
                                BO ITERATION 13                                 
--------------------------------------------------------------------------------
| Evaluating objective function at x = 2.186E+00 -5.464E+00 1.969E+00 -1.388E+01 -3.972E+01 -1.239E+02 -4.104E+01 9.469E+01
| Objective function evaluated, time [s] 0.3604445457458496
| Data point added to dataset (x y): 
  2.1856733194E+00 -5.4641633637E+00  1.9688247543E+00 -1.3884702139E+01 -3.9723020894E+01 -1.2389256449E+02 -4.1036326452E+01  9.4690482742E+01      -2.3442776403E+03

| Total ensemble size: 23
| Best acquisition, x_best y_best:
  3.0816105911E+00  4.7768768870E+00  6.9876565816E+00  1.6700516877E+00  1.7888386809E+01  3.1334902418E+01  4.9036468675E+01  8.1524903742E+01      -2.3463152312E+03
| Global minimum prediction, x_glmin mu_glmin +- nu_glmin:
  3.3423673576E+00  1.5117861029E+00  1.3449163960E+00  9.5694331570E+00  7.6474766840E+00 -5.5465361098E+00  1.4392287122E+01  4.1896443453E+01      -2.3623142093E+03  1.2708918496E+03
| Global minimum convergence, dx_glmin dmu_glmin:
  5.2920970841E+00  5.3794908823E-03

| GP model hyperparameters:
  1.1853527996E+04  1.3338276753E+00  6.5466432409E+00  1.0537373997E+01  7.4187120032E+01  6.6429648105E+01  7.2540116072E+01  7.0181832116E+01  8.5865325404E+01
| Next sampling location x_next:
  2.9796006978E+00 -9.7263421193E+00  1.9740000000E+01  5.5654996777E+01 -3.2194972413E+01 -1.0141372050E+02 -9.0260541501E+01  1.0970785090E+02

Iteration time [s]:    9.456        Total time [s]:  123.821

--------------------------------------------------------------------------------
                                BO ITERATION 14                                 
--------------------------------------------------------------------------------
| Evaluating objective function at x = 2.980E+00 -9.726E+00 1.974E+01 5.565E+01 -3.219E+01 -1.014E+02 -9.026E+01 1.097E+02
| Objective function evaluated, time [s] 0.35353803634643555
| Data point added to dataset (x y): 
  2.9796006978E+00 -9.7263421193E+00  1.9740000000E+01  5.5654996777E+01 -3.2194972413E+01 -1.0141372050E+02 -9.0260541501E+01  1.0970785090E+02      -2.3365609663E+03

| Total ensemble size: 24
| Best acquisition, x_best y_best:
  3.0816105911E+00  4.7768768870E+00  6.9876565816E+00  1.6700516877E+00  1.7888386809E+01  3.1334902418E+01  4.9036468675E+01  8.1524903742E+01      -2.3463152312E+03
| Global minimum prediction, x_glmin mu_glmin +- nu_glmin:
  3.3345805985E+00  1.5510680344E+00  1.0932017330E+00  9.8745317794E+00  9.0073363109E+00 -7.2834784926E+00  1.5535659232E+01  4.2593985596E+01      -2.3613546274E+03  1.0659397940E+03
| Global minimum convergence, dx_glmin dmu_glmin:
  2.6111493666E+00  2.3927776162E-03

| GP model hyperparameters:
  1.1739979328E+04  1.3931915039E+00  6.9327607121E+00  1.1345789620E+01  7.8994161898E+01  6.8846686891E+01  7.6288774116E+01  7.3869002376E+01  9.0758518766E+01
| Next sampling location x_next:
  2.0017730176E+00 -1.2250592436E+01  6.2214741039E+00  8.2365797058E+01  5.8520849583E+01 -1.0039683605E+02  2.1416230015E+00  6.4435586579E+01

Iteration time [s]:    9.714        Total time [s]:  133.537

--------------------------------------------------------------------------------
                                BO ITERATION 15                                 
--------------------------------------------------------------------------------
| Evaluating objective function at x = 2.002E+00 -1.225E+01 6.221E+00 8.237E+01 5.852E+01 -1.004E+02 2.142E+00 6.444E+01
| Objective function evaluated, time [s] 0.32095885276794434
| Data point added to dataset (x y): 
  2.0017730176E+00 -1.2250592436E+01  6.2214741039E+00  8.2365797058E+01  5.8520849583E+01 -1.0039683605E+02  2.1416230015E+00  6.4435586579E+01      -2.2312069571E+03

| Total ensemble size: 25
| Best acquisition, x_best y_best:
  3.0816105911E+00  4.7768768870E+00  6.9876565816E+00  1.6700516877E+00  1.7888386809E+01  3.1334902418E+01  4.9036468675E+01  8.1524903742E+01      -2.3463152312E+03
| Global minimum prediction, x_glmin mu_glmin +- nu_glmin:
  3.3445439074E+00  1.5466588495E+00  1.5459262028E+00  9.3390968244E+00  5.8449733908E+00 -4.7495661212E+00  1.4443140209E+01  4.3448606637E+01      -2.3629427621E+03  1.1195138106E+03
| Global minimum convergence, dx_glmin dmu_glmin:
  4.3401606916E+00  3.9601135388E-03

| GP model hyperparameters:
  1.1147077117E+04  1.3575265954E+00  6.5229617704E+00  1.0877672489E+01  7.4973053103E+01  6.4552974213E+01  7.3501790642E+01  7.1219634978E+01  8.7106447057E+01
| Next sampling location x_next:
  3.0735068841E+00 -1.2907886189E-01  1.7895945134E+01  1.3922465445E+01 -6.4078545343E+01 -1.3080813157E+02 -9.3273125969E-01  1.8000000000E+02

Iteration time [s]:   12.523        Total time [s]:  146.061

--------------------------------------------------------------------------------
                                BO ITERATION 16                                 
--------------------------------------------------------------------------------
| Evaluating objective function at x = 3.074E+00 -1.291E-01 1.790E+01 1.392E+01 -6.408E+01 -1.308E+02 -9.327E-01 1.800E+02
| Objective function evaluated, time [s] 0.3557870388031006
| Data point added to dataset (x y): 
  3.0735068841E+00 -1.2907886189E-01  1.7895945134E+01  1.3922465445E+01 -6.4078545343E+01 -1.3080813157E+02 -9.3273125969E-01  1.8000000000E+02      -2.3195148462E+03

| Total ensemble size: 26
| Best acquisition, x_best y_best:
  3.0816105911E+00  4.7768768870E+00  6.9876565816E+00  1.6700516877E+00  1.7888386809E+01  3.1334902418E+01  4.9036468675E+01  8.1524903742E+01      -2.3463152312E+03
| Global minimum prediction, x_glmin mu_glmin +- nu_glmin:
  3.3388090945E+00  1.5607849648E+00  1.4968344587E+00  9.0063512679E+00  6.4553520895E+00 -6.2605729949E+00  1.5055929318E+01  4.5045493670E+01      -2.3623768422E+03  9.8780810282E+02
| Global minimum convergence, dx_glmin dmu_glmin:
  2.3863412695E+00  1.4111567328E-03

| GP model hyperparameters:
  1.1146038374E+04  1.4016159607E+00  6.8221209489E+00  1.1447823847E+01  7.8092987108E+01  6.6606166526E+01  7.6323574951E+01  7.3830219018E+01  9.1107402307E+01
| Next sampling location x_next:
  1.8538863209E+00  3.6410161380E+00  5.1182951396E+00 -1.1801516684E+02 -8.5059290904E+00 -7.8730664961E+01  2.8134139483E+01  1.2676597340E+02

Iteration time [s]:   10.680        Total time [s]:  156.743

--------------------------------------------------------------------------------
                                BO ITERATION 17                                 
--------------------------------------------------------------------------------
| Evaluating objective function at x = 1.854E+00 3.641E+00 5.118E+00 -1.180E+02 -8.506E+00 -7.873E+01 2.813E+01 1.268E+02
| Objective function evaluated, time [s] 0.362119197845459
| Data point added to dataset (x y): 
  1.8538863209E+00  3.6410161380E+00  5.1182951396E+00 -1.1801516684E+02 -8.5059290904E+00 -7.8730664961E+01  2.8134139483E+01  1.2676597340E+02      -2.3247928256E+03

| Total ensemble size: 27
| Best acquisition, x_best y_best:
  3.0816105911E+00  4.7768768870E+00  6.9876565816E+00  1.6700516877E+00  1.7888386809E+01  3.1334902418E+01  4.9036468675E+01  8.1524903742E+01      -2.3463152312E+03
| Global minimum prediction, x_glmin mu_glmin +- nu_glmin:
  3.3220277708E+00  1.5988652971E+00  1.4214606473E+00  7.7109674919E+00  6.6708990017E+00 -8.8820543200E+00  1.5573766167E+01  4.7806299631E+01      -2.3617923491E+03  8.1339822812E+02
| Global minimum convergence, dx_glmin dmu_glmin:
  4.0613127715E+00  1.4574703468E-03

| GP model hyperparameters:
  1.0570749435E+04  1.4584862362E+00  7.2005765411E+00  1.2075289381E+01  8.4932101927E+01  6.8589114066E+01  8.0027108027E+01  7.6442314532E+01  9.5519301514E+01
| Next sampling location x_next:
  4.5000000000E+00 -2.4719182288E+00 -5.5768120638E-01  6.7755710621E+01 -4.8481260677E+01 -1.2870834483E+02 -1.2918429770E+02  1.3105874259E+02

Iteration time [s]:   13.720        Total time [s]:  170.464

--------------------------------------------------------------------------------
                                BO ITERATION 18                                 
--------------------------------------------------------------------------------
| Evaluating objective function at x = 4.500E+00 -2.472E+00 -5.577E-01 6.776E+01 -4.848E+01 -1.287E+02 -1.292E+02 1.311E+02
| Objective function evaluated, time [s] 0.34597277641296387
| Data point added to dataset (x y): 
  4.5000000000E+00 -2.4719182288E+00 -5.5768120638E-01  6.7755710621E+01 -4.8481260677E+01 -1.2870834483E+02 -1.2918429770E+02  1.3105874259E+02      -2.2958484553E+03

| Total ensemble size: 28
| Best acquisition, x_best y_best:
  3.0816105911E+00  4.7768768870E+00  6.9876565816E+00  1.6700516877E+00  1.7888386809E+01  3.1334902418E+01  4.9036468675E+01  8.1524903742E+01      -2.3463152312E+03
| Global minimum prediction, x_glmin mu_glmin +- nu_glmin:
  3.3209157572E+00  1.5978583619E+00  1.4569224185E+00  7.6122021572E+00  6.3074520027E+00 -8.7268838551E+00  1.5623897216E+01  4.8161848625E+01      -2.3619161878E+03  7.5810702103E+02
| Global minimum convergence, dx_glmin dmu_glmin:
  5.4416374638E-01  3.0879967444E-04

| GP model hyperparameters:
  1.0005656305E+04  1.4662040963E+00  7.2152853649E+00  1.2147831472E+01  8.4923203581E+01  6.8032283350E+01  8.0074744475E+01  7.6753268033E+01  9.5942906828E+01
| Next sampling location x_next:
  3.8136477466E+00  7.3152071611E+00 -1.5623769974E+00  1.2554017437E+01  1.2223258635E+02 -6.9872710244E+01  4.7936412208E+01  2.9378509052E+01

Iteration time [s]:   15.502        Total time [s]:  185.968

--------------------------------------------------------------------------------
                                BO ITERATION 19                                 
--------------------------------------------------------------------------------
| Evaluating objective function at x = 3.814E+00 7.315E+00 -1.562E+00 1.255E+01 1.222E+02 -6.987E+01 4.794E+01 2.938E+01
| Objective function evaluated, time [s] 0.3569028377532959
| Data point added to dataset (x y): 
  3.8136477466E+00  7.3152071611E+00 -1.5623769974E+00  1.2554017437E+01  1.2223258635E+02 -6.9872710244E+01  4.7936412208E+01  2.9378509052E+01      -2.3344081082E+03

| Total ensemble size: 29
| Best acquisition, x_best y_best:
  3.0816105911E+00  4.7768768870E+00  6.9876565816E+00  1.6700516877E+00  1.7888386809E+01  3.1334902418E+01  4.9036468675E+01  8.1524903742E+01      -2.3463152312E+03
| Global minimum prediction, x_glmin mu_glmin +- nu_glmin:
  3.3460726352E+00  2.0252402476E+00  8.3338854184E-01  7.8355589408E+00  1.3983312560E+01 -1.3608063847E+01  1.7596973359E+01  4.6312434532E+01      -2.3628201725E+03  8.6765296675E+02
| Global minimum convergence, dx_glmin dmu_glmin:
  9.5226092148E+00  2.2541425490E-03

| GP model hyperparameters:
  9.7192948629E+03  1.4962488954E+00  7.3656637131E+00  1.2486398681E+01  8.6537798256E+01  7.3422766678E+01  8.3784189684E+01  7.7857822059E+01  9.8431242735E+01
| Next sampling location x_next:
  3.9178898158E+00  9.0227429086E+00 -9.3385245407E+00  7.7633733896E+01 -9.3925830419E+00  1.2235391936E+02  1.6545038568E+02  3.6123039000E+00

Iteration time [s]:   15.732        Total time [s]:  201.702

--------------------------------------------------------------------------------
                                BO ITERATION 20                                 
--------------------------------------------------------------------------------
| Evaluating objective function at x = 3.918E+00 9.023E+00 -9.339E+00 7.763E+01 -9.393E+00 1.224E+02 1.655E+02 3.612E+00
| Objective function evaluated, time [s] 0.35648536682128906
| Data point added to dataset (x y): 
  3.9178898158E+00  9.0227429086E+00 -9.3385245407E+00  7.7633733896E+01 -9.3925830419E+00  1.2235391936E+02  1.6545038568E+02  3.6123039000E+00      -2.3022822052E+03

| Total ensemble size: 30
| Best acquisition, x_best y_best:
  3.0816105911E+00  4.7768768870E+00  6.9876565816E+00  1.6700516877E+00  1.7888386809E+01  3.1334902418E+01  4.9036468675E+01  8.1524903742E+01      -2.3463152312E+03
| Global minimum prediction, x_glmin mu_glmin +- nu_glmin:
  3.3450761208E+00  2.0372422960E+00  8.4775356033E-01  7.8883103391E+00  1.4067861826E+01 -1.3511498278E+01  1.7580132631E+01  4.6233389100E+01      -2.3629109864E+03  8.4143938405E+02
| Global minimum convergence, dx_glmin dmu_glmin:
  1.6167678840E-01  2.2645017404E-04

| GP model hyperparameters:
  9.3923646691E+03  1.4966195656E+00  7.3519391920E+00  1.2487047529E+01  8.6433943136E+01  7.3455688499E+01  8.3691315314E+01  7.7816697772E+01  9.8277190579E+01
| Next sampling location x_next:
  1.9430044173E+00 -3.2767200142E+00  1.9740000000E+01 -9.0725403315E+01 -7.8352519846E+01 -3.6127273781E+01 -9.9724998203E+01  6.2757190852E+01

Iteration time [s]:   13.211        Total time [s]:  214.914

--------------------------------------------------------------------------------
                                BO ITERATION 21                                 
--------------------------------------------------------------------------------
| Evaluating objective function at x = 1.943E+00 -3.277E+00 1.974E+01 -9.073E+01 -7.835E+01 -3.613E+01 -9.972E+01 6.276E+01
| Objective function evaluated, time [s] 0.3604302406311035
| Data point added to dataset (x y): 
  1.9430044173E+00 -3.2767200142E+00  1.9740000000E+01 -9.0725403315E+01 -7.8352519846E+01 -3.6127273781E+01 -9.9724998203E+01  6.2757190852E+01      -2.1012354442E+03

| Total ensemble size: 31
| Best acquisition, x_best y_best:
  3.0816105911E+00  4.7768768870E+00  6.9876565816E+00  1.6700516877E+00  1.7888386809E+01  3.1334902418E+01  4.9036468675E+01  8.1524903742E+01      -2.3463152312E+03
| Global minimum prediction, x_glmin mu_glmin +- nu_glmin:
  3.3479061598E+00  1.6280716996E+00  1.6756855090E+00  9.0043397485E+00  7.6504361984E+00 -7.9605609533E+00  1.4619320297E+01  4.5105064671E+01      -2.3659975794E+03  1.2256311289E+03
| Global minimum convergence, dx_glmin dmu_glmin:
  9.1724699022E+00  7.6966129892E-03

| GP model hyperparameters:
  1.0247941863E+04  1.3629862228E+00  6.5881949867E+00  1.0702615353E+01  7.0782001806E+01  6.3606191777E+01  7.3572487891E+01  6.8093604959E+01  8.5733962629E+01
| Next sampling location x_next:
  2.9740878841E+00  4.2782228744E+00  5.1895102934E+00 -1.1650948178E+01  4.5980766608E+01 -1.5509351818E+02 -1.8551778086E+01  8.5666849366E+01

Iteration time [s]:   14.871        Total time [s]:  229.786

--------------------------------------------------------------------------------
                                BO ITERATION 22                                 
--------------------------------------------------------------------------------
| Evaluating objective function at x = 2.974E+00 4.278E+00 5.190E+00 -1.165E+01 4.598E+01 -1.551E+02 -1.855E+01 8.567E+01
| Objective function evaluated, time [s] 0.3374450206756592
| Data point added to dataset (x y): 
  2.9740878841E+00  4.2782228744E+00  5.1895102934E+00 -1.1650948178E+01  4.5980766608E+01 -1.5509351818E+02 -1.8551778086E+01  8.5666849366E+01      -2.3429402159E+03

| Total ensemble size: 32
| Best acquisition, x_best y_best:
  3.0816105911E+00  4.7768768870E+00  6.9876565816E+00  1.6700516877E+00  1.7888386809E+01  3.1334902418E+01  4.9036468675E+01  8.1524903742E+01      -2.3463152312E+03
| Global minimum prediction, x_glmin mu_glmin +- nu_glmin:
  3.2858697025E+00  1.9076414668E+00  1.8069765117E+00  4.4378932771E+00  1.4576644554E+01 -2.7996892542E+01  1.2428367052E+01  5.3281874954E+01      -2.3674449736E+03  1.5657467370E+03
| Global minimum convergence, dx_glmin dmu_glmin:
  2.3281733757E+01  3.6091681134E-03

| GP model hyperparameters:
  1.0247392338E+04  1.4457084657E+00  7.2140870612E+00  1.1552357110E+01  7.2999978591E+01  7.2970909428E+01  8.5041265348E+01  7.0468824033E+01  9.1977710024E+01
| Next sampling location x_next:
  2.1445890370E+00  5.2311226856E+00 -1.4889950359E+01 -4.2692736244E+01 -5.1523684789E+01 -1.3881346163E+02 -3.4943522369E+00  6.8738519436E+01

Iteration time [s]:   12.361        Total time [s]:  242.149

--------------------------------------------------------------------------------
                                BO ITERATION 23                                 
--------------------------------------------------------------------------------
| Evaluating objective function at x = 2.145E+00 5.231E+00 -1.489E+01 -4.269E+01 -5.152E+01 -1.388E+02 -3.494E+00 6.874E+01
| Objective function evaluated, time [s] 0.3116919994354248
| Data point added to dataset (x y): 
  2.1445890370E+00  5.2311226856E+00 -1.4889950359E+01 -4.2692736244E+01 -5.1523684789E+01 -1.3881346163E+02 -3.4943522369E+00  6.8738519436E+01      -2.3375653518E+03

| Total ensemble size: 33
| Best acquisition, x_best y_best:
  3.0816105911E+00  4.7768768870E+00  6.9876565816E+00  1.6700516877E+00  1.7888386809E+01  3.1334902418E+01  4.9036468675E+01  8.1524903742E+01      -2.3463152312E+03
| Global minimum prediction, x_glmin mu_glmin +- nu_glmin:
  3.2257828065E+00  1.9601658591E+00  1.3829896746E+00  1.6500636102E+00  1.3213631386E+01 -4.0091471945E+01  1.1015831231E+01  5.8728809797E+01      -2.3683257743E+03  1.5269777055E+03
| Global minimum convergence, dx_glmin dmu_glmin:
  1.3702523154E+01  2.1963317945E-03

| GP model hyperparameters:
  9.7936066803E+03  1.5139020846E+00  7.6788385998E+00  1.2594614219E+01  7.4431624814E+01  7.7765155726E+01  9.1597587318E+01  7.1717951551E+01  9.7050697783E+01
| Next sampling location x_next:
  7.5992486601E-01 -4.6749214670E+00 -6.4978970664E+00 -2.6095346121E+01 -7.3625666238E+01 -7.2821393519E+01  6.1799832619E+01  1.8000000000E+02

Iteration time [s]:   16.590        Total time [s]:  258.741

--------------------------------------------------------------------------------
                                BO ITERATION 24                                 
--------------------------------------------------------------------------------
| Evaluating objective function at x = 7.599E-01 -4.675E+00 -6.498E+00 -2.610E+01 -7.363E+01 -7.282E+01 6.180E+01 1.800E+02
| Objective function evaluated, time [s] 0.34689831733703613
| Data point added to dataset (x y): 
  7.5992486601E-01 -4.6749214670E+00 -6.4978970664E+00 -2.6095346121E+01 -7.3625666238E+01 -7.2821393519E+01  6.1799832619E+01  1.8000000000E+02      -2.2780485938E+03

| Total ensemble size: 34
| Best acquisition, x_best y_best:
  3.0816105911E+00  4.7768768870E+00  6.9876565816E+00  1.6700516877E+00  1.7888386809E+01  3.1334902418E+01  4.9036468675E+01  8.1524903742E+01      -2.3463152312E+03
| Global minimum prediction, x_glmin mu_glmin +- nu_glmin:
  3.2423875154E+00  1.9915926118E+00  1.4982860368E+00  2.3637424479E+00  1.3154655092E+01 -3.7954557201E+01  1.0565462893E+01  5.6900457170E+01      -2.3682958376E+03  1.5084103239E+03
| Global minimum convergence, dx_glmin dmu_glmin:
  2.9392995571E+00  7.4649150103E-05

| GP model hyperparameters:
  9.5012842048E+03  1.4932440075E+00  7.5565072964E+00  1.2336556016E+01  7.4095737025E+01  7.5989034442E+01  9.0023113604E+01  7.0375750410E+01  9.5252396631E+01
| Next sampling location x_next:
  2.7823239199E+00  1.2208590550E+01 -1.2967182760E+01 -9.0375801409E+01  4.0120895113E+01 -6.1773033069E+01  9.6524128167E+01  4.9508887587E+01

Iteration time [s]:   14.182        Total time [s]:  272.925

--------------------------------------------------------------------------------
                                BO ITERATION 25                                 
--------------------------------------------------------------------------------
| Evaluating objective function at x = 2.782E+00 1.221E+01 -1.297E+01 -9.038E+01 4.012E+01 -6.177E+01 9.652E+01 4.951E+01
| Objective function evaluated, time [s] 0.3147697448730469
| Data point added to dataset (x y): 
  2.7823239199E+00  1.2208590550E+01 -1.2967182760E+01 -9.0375801409E+01  4.0120895113E+01 -6.1773033069E+01  9.6524128167E+01  4.9508887587E+01      -2.1515771794E+03

| Total ensemble size: 35
| Best acquisition, x_best y_best:
  3.0816105911E+00  4.7768768870E+00  6.9876565816E+00  1.6700516877E+00  1.7888386809E+01  3.1334902418E+01  4.9036468675E+01  8.1524903742E+01      -2.3463152312E+03
| Global minimum prediction, x_glmin mu_glmin +- nu_glmin:
  3.3195927345E+00  1.7662708850E+00  1.9869424692E+00  7.8960997578E+00  9.9986613935E+00 -1.8645059568E+01  1.1987609184E+01  4.8866263849E+01      -2.3686082281E+03  1.4684795635E+03
| Global minimum convergence, dx_glmin dmu_glmin:
  2.1915525330E+01  7.7896543182E-04

| GP model hyperparameters:
  9.9196179906E+03  1.3861147449E+00  6.7476147054E+00  1.1068246529E+01  6.9556968746E+01  6.6185729641E+01  7.9469491893E+01  6.5047949772E+01  8.6733853855E+01
| Next sampling location x_next:
  4.2964764627E+00 -8.2859237587E-01 -4.5207230708E+00 -5.5170747964E+01 -2.6996489215E+01 -1.3205446194E+02  5.6480482396E+00  1.5650739582E+02

Iteration time [s]:   13.348        Total time [s]:  286.275

--------------------------------------------------------------------------------
                                BO ITERATION 26                                 
--------------------------------------------------------------------------------
| Evaluating objective function at x = 4.296E+00 -8.286E-01 -4.521E+00 -5.517E+01 -2.700E+01 -1.321E+02 5.648E+00 1.565E+02
| Objective function evaluated, time [s] 0.3347818851470947
| Data point added to dataset (x y): 
  4.2964764627E+00 -8.2859237587E-01 -4.5207230708E+00 -5.5170747964E+01 -2.6996489215E+01 -1.3205446194E+02  5.6480482396E+00  1.5650739582E+02      -2.3383561447E+03

| Total ensemble size: 36
| Best acquisition, x_best y_best:
  3.0816105911E+00  4.7768768870E+00  6.9876565816E+00  1.6700516877E+00  1.7888386809E+01  3.1334902418E+01  4.9036468675E+01  8.1524903742E+01      -2.3463152312E+03
| Global minimum prediction, x_glmin mu_glmin +- nu_glmin:
  3.3069659699E+00  1.6079661250E+00  1.9993911651E+00  4.6428374626E+00  8.7587997195E+00 -3.2189597884E+01  9.3669761295E+00  5.9112449706E+01      -2.3687398030E+03  1.5806602437E+03
| Global minimum convergence, dx_glmin dmu_glmin:
  1.7534335110E+01  3.2809014962E-04

| GP model hyperparameters:
  9.5321111335E+03  1.4872749705E+00  7.0352316073E+00  1.1885747227E+01  7.2109806645E+01  6.8047918411E+01  8.3735298572E+01  6.5658075245E+01  9.3213676732E+01
| Next sampling location x_next:
  2.1594923857E+00  3.6581935470E+00  1.7713683702E+01 -3.2293000240E+01  1.1563601981E+02 -6.8452525272E+01  4.4259273135E+01  1.5370299938E+02

Iteration time [s]:   20.162        Total time [s]:  306.438

--------------------------------------------------------------------------------
                                BO ITERATION 27                                 
--------------------------------------------------------------------------------
| Evaluating objective function at x = 2.159E+00 3.658E+00 1.771E+01 -3.229E+01 1.156E+02 -6.845E+01 4.426E+01 1.537E+02
| Objective function evaluated, time [s] 0.3709559440612793
| Data point added to dataset (x y): 
  2.1594923857E+00  3.6581935470E+00  1.7713683702E+01 -3.2293000240E+01  1.1563601981E+02 -6.8452525272E+01  4.4259273135E+01  1.5370299938E+02      -2.3148168649E+03

| Total ensemble size: 37
| Best acquisition, x_best y_best:
  3.0816105911E+00  4.7768768870E+00  6.9876565816E+00  1.6700516877E+00  1.7888386809E+01  3.1334902418E+01  4.9036468675E+01  8.1524903742E+01      -2.3463152312E+03
| Global minimum prediction, x_glmin mu_glmin +- nu_glmin:
  3.2970853324E+00  1.6208073520E+00  1.9176405440E+00  3.5744051743E+00  1.0051537792E+01 -3.9755548860E+01  8.1837135927E+00  6.2483765064E+01      -2.3698403828E+03  1.6537282279E+03
| Global minimum convergence, dx_glmin dmu_glmin:
  8.5340000362E+00  2.7443647153E-03

| GP model hyperparameters:
  9.5311142966E+03  1.5272913326E+00  7.2530978159E+00  1.2415063524E+01  7.2657459806E+01  7.3639930043E+01  8.7295512741E+01  6.5721837871E+01  9.6182670785E+01
| Next sampling location x_next:
  2.7651043656E+00  1.4002948665E+00 -1.4532777231E+01  6.7585290416E+01 -1.5454662584E+00 -1.8000000000E+02 -1.7559245010E+01  1.7515083486E+02

Iteration time [s]:   14.434        Total time [s]:  320.888

--------------------------------------------------------------------------------
                                BO ITERATION 28                                 
--------------------------------------------------------------------------------
| Evaluating objective function at x = 2.765E+00 1.400E+00 -1.453E+01 6.759E+01 -1.545E+00 -1.800E+02 -1.756E+01 1.752E+02
| Objective function evaluated, time [s] 0.334242582321167
| Data point added to dataset (x y): 
  2.7651043656E+00  1.4002948665E+00 -1.4532777231E+01  6.7585290416E+01 -1.5454662584E+00 -1.8000000000E+02 -1.7559245010E+01  1.7515083486E+02      -2.3008382061E+03

| Total ensemble size: 38
| Best acquisition, x_best y_best:
  3.0816105911E+00  4.7768768870E+00  6.9876565816E+00  1.6700516877E+00  1.7888386809E+01  3.1334902418E+01  4.9036468675E+01  8.1524903742E+01      -2.3463152312E+03
| Global minimum prediction, x_glmin mu_glmin +- nu_glmin:
  3.2972489915E+00  1.6158853464E+00  2.0046812143E+00  3.3284086802E+00  9.4445671817E+00 -4.0028490083E+01  8.0296817742E+00  6.2906850739E+01      -2.3698375897E+03  1.5708138711E+03
| Global minimum convergence, dx_glmin dmu_glmin:
  8.4483852223E-01  6.9648092594E-06

| GP model hyperparameters:
  9.0639039304E+03  1.5361689214E+00  7.2603255164E+00  1.2548848962E+01  7.3055759189E+01  7.2923584547E+01  8.7395264617E+01  6.5131871799E+01  9.7054444697E+01
| Next sampling location x_next:
  3.3549379468E+00  3.7425502565E+00  3.5297844983E+00  1.0407080596E+01  1.3345746126E+02  8.2224889943E+01  8.6364077709E+01 -7.3126998298E+01

Iteration time [s]:   14.076        Total time [s]:  334.966

--------------------------------------------------------------------------------
                                BO ITERATION 29                                 
--------------------------------------------------------------------------------
| Evaluating objective function at x = 3.355E+00 3.743E+00 3.530E+00 1.041E+01 1.335E+02 8.222E+01 8.636E+01 -7.313E+01
| Objective function evaluated, time [s] 0.33445096015930176
| Data point added to dataset (x y): 
  3.3549379468E+00  3.7425502565E+00  3.5297844983E+00  1.0407080596E+01  1.3345746126E+02  8.2224889943E+01  8.6364077709E+01 -7.3126998298E+01      -2.3422461626E+03

| Total ensemble size: 39
| Best acquisition, x_best y_best:
  3.0816105911E+00  4.7768768870E+00  6.9876565816E+00  1.6700516877E+00  1.7888386809E+01  3.1334902418E+01  4.9036468675E+01  8.1524903742E+01      -2.3463152312E+03
| Global minimum prediction, x_glmin mu_glmin +- nu_glmin:
  3.4662427476E+00  2.4021021648E+00  1.4008740832E+00  9.4157724378E+00  1.7282238122E+01 -4.7844564965E+01  5.4266570734E+00  6.1279584899E+01      -2.3779342329E+03  9.5706763704E+02
| Global minimum convergence, dx_glmin dmu_glmin:
  1.3038831251E+01  2.0189487183E-02

| GP model hyperparameters:
  9.1637415866E+03  1.8569205873E+00  8.8159907722E+00  1.9546547574E+01  8.0279011509E+01  1.3012846042E+02  1.1154261422E+02  6.0087400156E+01  1.2090388745E+02
| Next sampling location x_next:
  4.5000000000E+00  2.4019099737E+00 -1.9740000000E+01 -6.4556007199E+01  1.8000000000E+02  1.8000000000E+02  1.3603826277E+02 -1.8000000000E+02

Iteration time [s]:   17.793        Total time [s]:  352.761

--------------------------------------------------------------------------------
                                BO ITERATION 30                                 
--------------------------------------------------------------------------------
| Evaluating objective function at x = 4.500E+00 2.402E+00 -1.974E+01 -6.456E+01 1.800E+02 1.800E+02 1.360E+02 -1.800E+02
| Objective function evaluated, time [s] 0.3200347423553467
| Data point added to dataset (x y): 
  4.5000000000E+00  2.4019099737E+00 -1.9740000000E+01 -6.4556007199E+01  1.8000000000E+02  1.8000000000E+02  1.3603826277E+02 -1.8000000000E+02      -2.3238816948E+03

| Total ensemble size: 40
| Best acquisition, x_best y_best:
  3.0816105911E+00  4.7768768870E+00  6.9876565816E+00  1.6700516877E+00  1.7888386809E+01  3.1334902418E+01  4.9036468675E+01  8.1524903742E+01      -2.3463152312E+03
| Global minimum prediction, x_glmin mu_glmin +- nu_glmin:
  3.4986588058E+00  2.5499947153E+00  1.4058987839E+00  1.0409749979E+01  1.8177084859E+01 -4.6910149002E+01  5.5653762172E+00  6.0922722186E+01      -2.3783078516E+03  9.1838480581E+02
| Global minimum convergence, dx_glmin dmu_glmin:
  1.6826816335E+00  9.3164175153E-04

| GP model hyperparameters:
  9.1625804665E+03  1.8849177039E+00  9.0245279485E+00  2.0338314905E+01  8.0824867750E+01  1.3572445174E+02  1.1471167412E+02  5.9645284823E+01  1.2438669334E+02
| Next sampling location x_next:
  5.0000000000E-01 -1.2487806432E+01  3.6899548171E+00  8.0180040307E+01 -1.8000000000E+02 -1.8000000000E+02 -1.0115031181E+02  1.8000000000E+02

Iteration time [s]:   16.018        Total time [s]:  368.781

--------------------------------------------------------------------------------
                                BO ITERATION 31                                 
--------------------------------------------------------------------------------
| Evaluating objective function at x = 5.000E-01 -1.249E+01 3.690E+00 8.018E+01 -1.800E+02 -1.800E+02 -1.012E+02 1.800E+02
| Objective function evaluated, time [s] 0.7268903255462646
| Data point added to dataset (x y): 
  5.0000000000E-01 -1.2487806432E+01  3.6899548171E+00  8.0180040307E+01 -1.8000000000E+02 -1.8000000000E+02 -1.0115031181E+02  1.8000000000E+02      -2.2271640273E+03

| Total ensemble size: 41
| Best acquisition, x_best y_best:
  3.0816105911E+00  4.7768768870E+00  6.9876565816E+00  1.6700516877E+00  1.7888386809E+01  3.1334902418E+01  4.9036468675E+01  8.1524903742E+01      -2.3463152312E+03
| Global minimum prediction, x_glmin mu_glmin +- nu_glmin:
  3.2537453938E+00  1.3713917575E+00  1.8494123128E+00  5.0669499900E-01  5.3206563681E+00 -5.4905565708E+01  4.6173478931E+00  7.0554489577E+01      -2.3714439810E+03  1.5022783528E+03
| Global minimum convergence, dx_glmin dmu_glmin:
  2.0557247683E+01  1.7115491548E-02

| GP model hyperparameters:
  8.6063703416E+03  1.6039776063E+00  7.6314932207E+00  1.3742946427E+01  7.5043532652E+01  7.7723066373E+01  9.5413680016E+01  6.4757629154E+01  1.0457525690E+02
| Next sampling location x_next:
  4.5000000000E+00  3.1179675845E+00 -1.9740000000E+01  4.2707641596E+01  1.2624016089E+02  1.6308251802E+01  6.2865244947E+01 -1.2351067172E+02

Iteration time [s]:   16.173        Total time [s]:  384.956

--------------------------------------------------------------------------------
                                BO ITERATION 32                                 
--------------------------------------------------------------------------------
| Evaluating objective function at x = 4.500E+00 3.118E+00 -1.974E+01 4.271E+01 1.262E+02 1.631E+01 6.287E+01 -1.235E+02
| Objective function evaluated, time [s] 0.3603525161743164
| Data point added to dataset (x y): 
  4.5000000000E+00  3.1179675845E+00 -1.9740000000E+01  4.2707641596E+01  1.2624016089E+02  1.6308251802E+01  6.2865244947E+01 -1.2351067172E+02      -2.3358966410E+03

| Total ensemble size: 42
| Best acquisition, x_best y_best:
  3.0816105911E+00  4.7768768870E+00  6.9876565816E+00  1.6700516877E+00  1.7888386809E+01  3.1334902418E+01  4.9036468675E+01  8.1524903742E+01      -2.3463152312E+03
| Global minimum prediction, x_glmin mu_glmin +- nu_glmin:
  3.4466562170E+00  2.2375626770E+00  1.4358311494E+00  8.4905211973E+00  1.5689036636E+01 -4.9154731343E+01  5.6654006771E+00  6.1837266821E+01      -2.3770932575E+03  9.0110941479E+02
| Global minimum convergence, dx_glmin dmu_glmin:
  1.6803683801E+01  1.4086825094E-02

| GP model hyperparameters:
  8.6003601727E+03  1.8517381494E+00  8.6255326382E+00  2.0316495271E+01  7.7079367982E+01  1.3003918077E+02  1.1390359409E+02  5.8964370838E+01  1.2464342665E+02
| Next sampling location x_next:
  4.5000000000E+00 -4.7539638719E+00 -1.7914547850E+01  1.2082890008E-01  1.8000000000E+02  4.7234148087E+01  1.3720312857E+02  5.0882394203E+01

Iteration time [s]:   15.255        Total time [s]:  400.213

--------------------------------------------------------------------------------
                                BO ITERATION 33                                 
--------------------------------------------------------------------------------
| Evaluating objective function at x = 4.500E+00 -4.754E+00 -1.791E+01 1.208E-01 1.800E+02 4.723E+01 1.372E+02 5.088E+01
| Objective function evaluated, time [s] 0.30861783027648926
| Data point added to dataset (x y): 
  4.5000000000E+00 -4.7539638719E+00 -1.7914547850E+01  1.2082890008E-01  1.8000000000E+02  4.7234148087E+01  1.3720312857E+02  5.0882394203E+01      -2.3463350545E+03

| Total ensemble size: 43
| Best acquisition, x_best y_best:
  4.5000000000E+00 -4.7539638719E+00 -1.7914547850E+01  1.2082890008E-01  1.8000000000E+02  4.7234148087E+01  1.3720312857E+02  5.0882394203E+01      -2.3463350545E+03
| Global minimum prediction, x_glmin mu_glmin +- nu_glmin:
  3.4924023651E+00  2.3568024673E+00  1.2166054286E+00  9.3424530437E+00  1.5036349200E+01 -4.7506134020E+01  6.3823610460E+00  6.2758934346E+01      -2.3769407334E+03  8.3565174429E+02
| Global minimum convergence, dx_glmin dmu_glmin:
  2.3016376446E+00  3.8030958095E-04

| GP model hyperparameters:
  8.5997814379E+03  1.8797861826E+00  9.2291755754E+00  2.1353126682E+01  7.4782742599E+01  1.3789829308E+02  1.1673212038E+02  5.9553193736E+01  1.2975788289E+02
| Next sampling location x_next:
  2.6422533897E+00 -2.3671128548E+00  1.9500459958E+01  1.6098171052E+02 -3.9082987192E+01  4.8531542816E+00 -1.1101064348E+02 -2.7713362360E+01

Iteration time [s]:   14.130        Total time [s]:  414.345

--------------------------------------------------------------------------------
                                BO ITERATION 34                                 
--------------------------------------------------------------------------------
| Evaluating objective function at x = 2.642E+00 -2.367E+00 1.950E+01 1.610E+02 -3.908E+01 4.853E+00 -1.110E+02 -2.771E+01
| Objective function evaluated, time [s] 0.30678319931030273
| Data point added to dataset (x y): 
  2.6422533897E+00 -2.3671128548E+00  1.9500459958E+01  1.6098171052E+02 -3.9082987192E+01  4.8531542816E+00 -1.1101064348E+02 -2.7713362360E+01      -2.3445648855E+03

| Total ensemble size: 44
| Best acquisition, x_best y_best:
  4.5000000000E+00 -4.7539638719E+00 -1.7914547850E+01  1.2082890008E-01  1.8000000000E+02  4.7234148087E+01  1.3720312857E+02  5.0882394203E+01      -2.3463350545E+03
| Global minimum prediction, x_glmin mu_glmin +- nu_glmin:
  3.5249494491E+00  2.6342474318E+00  1.4224524600E+00  1.0533646296E+01  1.6760582892E+01 -4.5895564055E+01  6.0129401921E+00  6.1324045090E+01      -2.3769498739E+03  8.2488683187E+02
| Global minimum convergence, dx_glmin dmu_glmin:
  3.0498599586E+00  2.2791120855E-05

| GP model hyperparameters:
  8.4189609872E+03  1.8872184183E+00  9.3135671063E+00  2.1906105274E+01  7.8184230847E+01  1.4083966517E+02  1.1828853607E+02  5.7745799172E+01  1.3276511957E+02
| Next sampling location x_next:
  1.9430978631E+00 -1.9184178114E+00  1.9740000000E+01  1.8000000000E+02  1.2879093893E+02 -1.3427896903E+02 -1.2594726177E+02  1.4546622074E+02

Iteration time [s]:   17.232        Total time [s]:  431.579

--------------------------------------------------------------------------------
                                BO ITERATION 35                                 
--------------------------------------------------------------------------------
| Evaluating objective function at x = 1.943E+00 -1.918E+00 1.974E+01 1.800E+02 1.288E+02 -1.343E+02 -1.259E+02 1.455E+02
| Objective function evaluated, time [s] 0.3136601448059082
| Data point added to dataset (x y): 
  1.9430978631E+00 -1.9184178114E+00  1.9740000000E+01  1.8000000000E+02  1.2879093893E+02 -1.3427896903E+02 -1.2594726177E+02  1.4546622074E+02      -2.3391806520E+03

| Total ensemble size: 45
| Best acquisition, x_best y_best:
  4.5000000000E+00 -4.7539638719E+00 -1.7914547850E+01  1.2082890008E-01  1.8000000000E+02  4.7234148087E+01  1.3720312857E+02  5.0882394203E+01      -2.3463350545E+03
| Global minimum prediction, x_glmin mu_glmin +- nu_glmin:
  3.5457999317E+00  2.5546103498E+00  1.1843890448E+00  1.0965057639E+01  1.8735494410E+01 -4.4996571477E+01  6.9956488400E+00  6.2361942818E+01      -2.3769105189E+03  7.7081544892E+02
| Global minimum convergence, dx_glmin dmu_glmin:
  2.6459361070E+00  9.8129356444E-05

| GP model hyperparameters:
  8.4176446833E+03  1.9038898209E+00  9.4391265151E+00  2.2586696908E+01  7.6065545071E+01  1.4865543186E+02  1.1998550470E+02  5.9077833897E+01  1.3552836203E+02
| Next sampling location x_next:
  2.2445629960E+00  1.0005990199E+01  1.9740000000E+01  1.8000000000E+02 -1.0509971785E+02 -1.8000000000E+02 -9.7188973656E+01  5.2874573920E+01

Iteration time [s]:   16.085        Total time [s]:  447.665

--------------------------------------------------------------------------------
                                BO ITERATION 36                                 
--------------------------------------------------------------------------------
| Evaluating objective function at x = 2.245E+00 1.001E+01 1.974E+01 1.800E+02 -1.051E+02 -1.800E+02 -9.719E+01 5.287E+01
| Objective function evaluated, time [s] 0.30846500396728516
| Data point added to dataset (x y): 
  2.2445629960E+00  1.0005990199E+01  1.9740000000E+01  1.8000000000E+02 -1.0509971785E+02 -1.8000000000E+02 -9.7188973656E+01  5.2874573920E+01      -2.3098677607E+03

| Total ensemble size: 46
| Best acquisition, x_best y_best:
  4.5000000000E+00 -4.7539638719E+00 -1.7914547850E+01  1.2082890008E-01  1.8000000000E+02  4.7234148087E+01  1.3720312857E+02  5.0882394203E+01      -2.3463350545E+03
| Global minimum prediction, x_glmin mu_glmin +- nu_glmin:
  3.5305741870E+00  2.3120016753E+00  8.6397448949E-01  9.6418812357E+00  1.8138357866E+01 -4.5769619417E+01  8.4650030953E+00  6.2378356999E+01      -2.3757614751E+03  7.3799171987E+02
| Global minimum convergence, dx_glmin dmu_glmin:
  2.2418739027E+00  2.8650709236E-03

| GP model hyperparameters:
  7.8505214602E+03  1.8965973014E+00  9.3970575154E+00  2.2594148674E+01  6.9568406862E+01  1.4946890187E+02  1.2113081119E+02  5.8867497658E+01  1.3335803513E+02
| Next sampling location x_next:
  2.6236791466E+00 -1.4100000000E+01  1.9740000000E+01  1.1707122906E+02  1.4222520282E+02 -1.4363375075E+01 -1.7456420723E+02  8.3321671646E+00

Iteration time [s]:   15.682        Total time [s]:  463.349

--------------------------------------------------------------------------------
                                BO ITERATION 37                                 
--------------------------------------------------------------------------------
| Evaluating objective function at x = 2.624E+00 -1.410E+01 1.974E+01 1.171E+02 1.422E+02 -1.436E+01 -1.746E+02 8.332E+00
| Objective function evaluated, time [s] 0.2846989631652832
| Data point added to dataset (x y): 
  2.6236791466E+00 -1.4100000000E+01  1.9740000000E+01  1.1707122906E+02  1.4222520282E+02 -1.4363375075E+01 -1.7456420723E+02  8.3321671646E+00      -2.3261813625E+03

| Total ensemble size: 47
| Best acquisition, x_best y_best:
  4.5000000000E+00 -4.7539638719E+00 -1.7914547850E+01  1.2082890008E-01  1.8000000000E+02  4.7234148087E+01  1.3720312857E+02  5.0882394203E+01      -2.3463350545E+03
| Global minimum prediction, x_glmin mu_glmin +- nu_glmin:
  3.5469875428E+00  2.3185873304E+00  7.4740961053E-01  1.0016367269E+01  1.8413283270E+01 -4.5153503816E+01  8.9074361262E+00  6.2990405860E+01      -2.3757514395E+03  7.1812485778E+02
| Global minimum convergence, dx_glmin dmu_glmin:
  1.0861275877E+00  2.5023270428E-05

| GP model hyperparameters:
  7.8507894759E+03  1.9036966217E+00  9.5591089037E+00  2.2894559033E+01  6.9286250781E+01  1.5252829577E+02  1.2217671280E+02  5.9361037089E+01  1.3495380313E+02
| Next sampling location x_next:
  4.5000000000E+00 -3.7284041553E+00  1.9740000000E+01  1.8000000000E+02 -9.0836710980E+01  1.0162239496E+00 -5.4119137228E+01  1.8000000000E+02

Iteration time [s]:   15.012        Total time [s]:  478.362

--------------------------------------------------------------------------------
                                BO ITERATION 38                                 
--------------------------------------------------------------------------------
| Evaluating objective function at x = 4.500E+00 -3.728E+00 1.974E+01 1.800E+02 -9.084E+01 1.016E+00 -5.412E+01 1.800E+02
| Objective function evaluated, time [s] 0.314115047454834
| Data point added to dataset (x y): 
  4.5000000000E+00 -3.7284041553E+00  1.9740000000E+01  1.8000000000E+02 -9.0836710980E+01  1.0162239496E+00 -5.4119137228E+01  1.8000000000E+02      -2.1650395293E+03

| Total ensemble size: 48
| Best acquisition, x_best y_best:
  4.5000000000E+00 -4.7539638719E+00 -1.7914547850E+01  1.2082890008E-01  1.8000000000E+02  4.7234148087E+01  1.3720312857E+02  5.0882394203E+01      -2.3463350545E+03
| Global minimum prediction, x_glmin mu_glmin +- nu_glmin:
  3.4363995162E+00  2.2338060302E+00  1.3949569746E+00  7.6205704945E+00  1.5011095676E+01 -4.7577390767E+01  6.6167106075E+00  6.2050368339E+01      -2.3762763446E+03  8.3463802883E+02
| Global minimum convergence, dx_glmin dmu_glmin:
  5.4552524844E+00  1.3088192334E-03

| GP model hyperparameters:
  8.0535544848E+03  1.7228398180E+00  9.1949653905E+00  2.0265047082E+01  7.1258623550E+01  1.3415998093E+02  1.1330963400E+02  5.9373359156E+01  1.2472412974E+02
| Next sampling location x_next:
  1.5149442467E+00 -1.2342723674E-01  3.7280063769E+00  9.6404135474E+01  5.6788848991E+01 -1.4356387418E+02 -1.1988597039E+02 -4.6584329194E+01

Iteration time [s]:   17.887        Total time [s]:  496.251

--------------------------------------------------------------------------------
                                BO ITERATION 39                                 
--------------------------------------------------------------------------------
| Evaluating objective function at x = 1.515E+00 -1.234E-01 3.728E+00 9.640E+01 5.679E+01 -1.436E+02 -1.199E+02 -4.658E+01
| Objective function evaluated, time [s] 0.353485107421875
| Data point added to dataset (x y): 
  1.5149442467E+00 -1.2342723674E-01  3.7280063769E+00  9.6404135474E+01  5.6788848991E+01 -1.4356387418E+02 -1.1988597039E+02 -4.6584329194E+01      -2.2291055191E+03

| Total ensemble size: 49
| Best acquisition, x_best y_best:
  4.5000000000E+00 -4.7539638719E+00 -1.7914547850E+01  1.2082890008E-01  1.8000000000E+02  4.7234148087E+01  1.3720312857E+02  5.0882394203E+01      -2.3463350545E+03
| Global minimum prediction, x_glmin mu_glmin +- nu_glmin:
  3.2131354692E+00  1.1485766628E+00  2.2144328795E+00 -1.8177164016E+00  2.1552216065E+00 -5.5971349992E+01  4.1980370360E+00  7.4147357630E+01      -2.3699468858E+03  1.6091416885E+03
| Global minimum convergence, dx_glmin dmu_glmin:
  2.1883773697E+01  1.5782122104E-02

| GP model hyperparameters:
  8.0505922446E+03  1.5268558798E+00  7.9069610549E+00  1.3259030349E+01  7.2415731835E+01  6.9853424577E+01  9.1236072849E+01  6.6666417510E+01  9.9945561676E+01
| Next sampling location x_next:
  4.5000000000E+00  4.1830494877E+00 -1.2174398528E+01  6.6673193574E+01  1.8000000000E+02  1.0193712621E+02  1.7465258952E+02 -7.0561955638E+01

Iteration time [s]:   14.671        Total time [s]:  510.923

--------------------------------------------------------------------------------
                                BO ITERATION 40                                 
--------------------------------------------------------------------------------
| Evaluating objective function at x = 4.500E+00 4.183E+00 -1.217E+01 6.667E+01 1.800E+02 1.019E+02 1.747E+02 -7.056E+01
| Objective function evaluated, time [s] 0.3181416988372803
| Data point added to dataset (x y): 
  4.5000000000E+00  4.1830494877E+00 -1.2174398528E+01  6.6673193574E+01  1.8000000000E+02  1.0193712621E+02  1.7465258952E+02 -7.0561955638E+01      -2.3064684522E+03

| Total ensemble size: 50
| Best acquisition, x_best y_best:
  4.5000000000E+00 -4.7539638719E+00 -1.7914547850E+01  1.2082890008E-01  1.8000000000E+02  4.7234148087E+01  1.3720312857E+02  5.0882394203E+01      -2.3463350545E+03
| Global minimum prediction, x_glmin mu_glmin +- nu_glmin:
  3.2031616654E+00  1.0803472933E+00  2.3077201033E+00 -2.3433830942E+00  1.4310770152E+00 -5.6299853541E+01  3.9123091995E+00  7.5212549626E+01      -2.3693537296E+03  1.5746907192E+03
| Global minimum convergence, dx_glmin dmu_glmin:
  1.4623122292E+00  1.4789990911E-03

| GP model hyperparameters:
  7.6413793586E+03  1.5228141305E+00  7.8910587003E+00  1.3150719744E+01  7.2746893408E+01  6.7118169578E+01  9.0643201467E+01  6.7011149334E+01  9.9392119594E+01
| Next sampling location x_next:
  4.5000000000E+00 -1.8992457974E+00 -6.4169816956E+00 -6.1519720662E+01  1.8000000000E+02 -2.2634502485E+01  1.0499068611E+02 -8.9865161766E+01

Iteration time [s]:   15.507        Total time [s]:  526.432
| Post-processing iteration 0
| Post-processing iteration 1
| Post-processing iteration 2
| Post-processing iteration 3
| Post-processing iteration 4
| Post-processing iteration 5
| Post-processing iteration 6
| Post-processing iteration 7
| Post-processing iteration 8
| Post-processing iteration 9
| Post-processing iteration 10
| Post-processing iteration 11
| Post-processing iteration 12
| Post-processing iteration 13
| Post-processing iteration 14
| Post-processing iteration 15
| Post-processing iteration 16
| Post-processing iteration 17
| Post-processing iteration 18
| Post-processing iteration 19
| Post-processing iteration 20
| Post-processing iteration 21
| Post-processing iteration 22
| Post-processing iteration 23
| Post-processing iteration 24
| Post-processing iteration 25
| Post-processing iteration 26
| Post-processing iteration 27
| Post-processing iteration 28
| Post-processing iteration 29
| Post-processing iteration 30
| Post-processing iteration 31
| Post-processing iteration 32
| Post-processing iteration 33
| Post-processing iteration 34
| Post-processing iteration 35
| Post-processing iteration 36
| Post-processing iteration 37
| Post-processing iteration 38
| Post-processing iteration 39
| Post-processing iteration 40
